Log file open, 12/05/20 15:20:35
LogInit: Display: Running engine for game: BlastMageProject
LogPlatformFile: Not using cached read wrapper
LogTaskGraph: Started task graph with 5 named threads and 35 total threads with 3 sets of task threads.
LogStats: Stats thread started at 0.144320
LogD3D11RHI: Loaded GFSDK_Aftermath_Lib.x64.dll
LogICUInternationalization: ICU TimeZone Detection - Raw Offset: -7:00, Platform Override: ''
LogPluginManager: Mounting plugin Paper2D
LogPluginManager: Mounting plugin AISupport
LogPluginManager: Mounting plugin LightPropagationVolume
LogPluginManager: Mounting plugin CameraShakePreviewer
LogPluginManager: Mounting plugin ActorLayerUtilities
LogPluginManager: Mounting plugin AnimationSharing
LogPluginManager: Mounting plugin CLionSourceCodeAccess
LogPluginManager: Mounting plugin CodeLiteSourceCodeAccess
LogPluginManager: Mounting plugin GitSourceControl
LogPluginManager: Mounting plugin KDevelopSourceCodeAccess
LogPluginManager: Mounting plugin NullSourceCodeAccess
LogPluginManager: Mounting plugin PerforceSourceControl
LogPluginManager: Mounting plugin PlasticSourceControl
LogPluginManager: Mounting plugin RiderSourceCodeAccess
LogPluginManager: Mounting plugin SubversionSourceControl
LogPluginManager: Mounting plugin UObjectPlugin
LogPluginManager: Mounting plugin VisualStudioCodeSourceCodeAccess
LogPluginManager: Mounting plugin VisualStudioSourceCodeAccess
LogPluginManager: Mounting plugin XCodeSourceCodeAccess
LogPluginManager: Mounting plugin AssetManagerEditor
LogPluginManager: Mounting plugin CryptoKeys
LogPluginManager: Mounting plugin CurveEditorTools
LogPluginManager: Mounting plugin DataValidation
LogPluginManager: Mounting plugin EditorScriptingUtilities
LogPluginManager: Mounting plugin FacialAnimation
LogPluginManager: Mounting plugin GameplayTagsEditor
LogPluginManager: Mounting plugin GeometryMode
LogPluginManager: Mounting plugin MacGraphicsSwitching
LogPluginManager: Mounting plugin MaterialAnalyzer
LogPluginManager: Mounting plugin MobileLauncherProfileWizard
LogPluginManager: Mounting plugin PluginBrowser
LogPluginManager: Mounting plugin SpeedTreeImporter
LogPluginManager: Mounting plugin DatasmithContent
LogPluginManager: Mounting plugin VariantManagerContent
LogPluginManager: Mounting plugin AlembicImporter
LogPluginManager: Mounting plugin AutomationUtils
LogPluginManager: Mounting plugin BackChannel
LogPluginManager: Mounting plugin ChaosCloth
LogPluginManager: Mounting plugin ChaosClothEditor
LogPluginManager: Mounting plugin ChaosEditor
LogPluginManager: Mounting plugin ChaosNiagara
LogPluginManager: Mounting plugin ChaosSolverPlugin
LogPluginManager: Mounting plugin CharacterAI
LogPluginManager: Mounting plugin GeometryCache
LogPluginManager: Mounting plugin GeometryCollectionPlugin
LogPluginManager: Mounting plugin GeometryProcessing
LogPluginManager: Mounting plugin PlanarCut
LogPluginManager: Mounting plugin PlatformCrypto
LogPluginManager: Mounting plugin ProxyLODPlugin
LogPluginManager: Mounting plugin SkeletalReduction
LogPluginManager: Mounting plugin Niagara
LogPluginManager: Mounting plugin MagicLeap
LogPluginManager: Mounting plugin MagicLeapLightEstimation
LogPluginManager: Mounting plugin MagicLeapMedia
LogPluginManager: Mounting plugin MagicLeapPassableWorld
LogPluginManager: Mounting plugin MLSDK
LogPluginManager: Mounting plugin AndroidMedia
LogPluginManager: Mounting plugin AvfMedia
LogPluginManager: Mounting plugin ImgMedia
LogPluginManager: Mounting plugin MediaCompositing
LogPluginManager: Mounting plugin MediaPlayerEditor
LogPluginManager: Mounting plugin WebMMedia
LogPluginManager: Mounting plugin WmfMedia
LogPluginManager: Mounting plugin MeshPainting
LogPluginManager: Mounting plugin TcpMessaging
LogPluginManager: Mounting plugin UdpMessaging
LogPluginManager: Mounting plugin ActorSequence
LogPluginManager: Mounting plugin LevelSequenceEditor
LogPluginManager: Mounting plugin MatineeToLevelSequence
LogPluginManager: Mounting plugin MovieRenderPipeline
LogPluginManager: Mounting plugin TemplateSequence
LogPluginManager: Mounting plugin NetcodeUnitTest
LogPluginManager: Mounting plugin NUTUnrealEngine4
LogPluginManager: Mounting plugin OnlineSubsystemGooglePlay
LogPluginManager: Mounting plugin OnlineSubsystemIOS
LogPluginManager: Mounting plugin OnlineSubsystem
LogPluginManager: Mounting plugin OnlineSubsystemNull
LogPluginManager: Mounting plugin OnlineSubsystemUtils
LogPluginManager: Mounting plugin LauncherChunkInstaller
LogPluginManager: Mounting plugin AndroidDeviceProfileSelector
LogPluginManager: Mounting plugin AndroidMoviePlayer
LogPluginManager: Mounting plugin AndroidPermission
LogPluginManager: Mounting plugin AppleImageUtils
LogPluginManager: Mounting plugin AppleMoviePlayer
LogPluginManager: Mounting plugin ArchVisCharacter
LogPluginManager: Mounting plugin AssetTags
LogPluginManager: Mounting plugin AudioCapture
LogPluginManager: Mounting plugin CableComponent
LogPluginManager: Mounting plugin CustomMeshComponent
LogPluginManager: Mounting plugin EditableMesh
LogPluginManager: Mounting plugin ExampleDeviceProfileSelector
LogPluginManager: Mounting plugin GoogleCloudMessaging
LogPluginManager: Mounting plugin GooglePAD
LogPluginManager: Mounting plugin IOSDeviceProfileSelector
LogPluginManager: Mounting plugin LinuxDeviceProfileSelector
LogPluginManager: Mounting plugin LocationServicesBPLibrary
LogPluginManager: Mounting plugin MobilePatchingUtils
LogPluginManager: Mounting plugin OculusVR
LogPluginManager: Mounting plugin PhysXVehicles
LogPluginManager: Mounting plugin PostSplashScreen
LogPluginManager: Mounting plugin ProceduralMeshComponent
LogPluginManager: Mounting plugin RuntimePhysXCooking
LogPluginManager: Mounting plugin SignificanceManager
LogPluginManager: Mounting plugin SoundFields
LogPluginManager: Mounting plugin SteamVR
LogPluginManager: Mounting plugin Synthesis
LogPluginManager: Mounting plugin WebMMoviePlayer
LogPluginManager: Mounting plugin WindowsMoviePlayer
LogPluginManager: Mounting plugin ScreenshotTools
LogInit: Using libcurl 7.55.1-DEV
LogInit:  - built for x86_64-pc-win32
LogInit:  - supports SSL with OpenSSL/1.1.1
LogInit:  - supports HTTP deflate (compression) using libz 1.2.8
LogInit:  - other features:
LogInit:      CURL_VERSION_SSL
LogInit:      CURL_VERSION_LIBZ
LogInit:      CURL_VERSION_IPV6
LogInit:      CURL_VERSION_ASYNCHDNS
LogInit:      CURL_VERSION_LARGEFILE
LogInit:      CURL_VERSION_IDN
LogInit:  CurlRequestOptions (configurable via config and command line):
LogInit:  - bVerifyPeer = true  - Libcurl will verify peer certificate
LogInit:  - bUseHttpProxy = false  - Libcurl will NOT use HTTP proxy
LogInit:  - bDontReuseConnections = false  - Libcurl will reuse connections
LogInit:  - MaxHostConnections = 16  - Libcurl will limit the number of connections to a host
LogInit:  - LocalHostAddr = Default
LogInit:  - BufferSize = 65536
LogOnline: OSS: Creating online subsystem instance for: NULL
LogInit: WinSock: version 1.1 (2.2), MaxSocks=32767, MaxUdp=65467
LogOnline: OSS: TryLoadSubsystemAndSetDefault: Loaded subsystem for module [NULL]
LogInit: Build: ++UE4+Release-4.25-CL-14469661
LogInit: Engine Version: 4.25.4-14469661+++UE4+Release-4.25
LogInit: Compatible Engine Version: 4.25.0-13144385+++UE4+Release-4.25
LogInit: Net CL: 13144385
LogInit: OS: Windows 10 (Release 1909) (), CPU: Intel(R) Core(TM) i7-9750H CPU @ 2.60GHz, GPU: Intel(R) UHD Graphics 630
LogInit: Compiled (64-bit): Oct 11 2020 08:10:49
LogInit: Compiled with Visual C++: 19.24.28315.00
LogInit: Build Configuration: Development
LogInit: Branch Name: ++UE4+Release-4.25
LogInit: Command Line: 
LogInit: Base Directory: C:/Program Files/Epic Games/UE_4.25/Engine/Binaries/Win64/
LogInit: Allocator: TBB
LogInit: Installed Engine Build: 1
LogDevObjectVersion: Number of dev versions registered: 26
LogDevObjectVersion:   Dev-Blueprints (B0D832E4-1F89-4F0D-ACCF-7EB736FD4AA2): 10
LogDevObjectVersion:   Dev-Build (E1C64328-A22C-4D53-A36C-8E866417BD8C): 0
LogDevObjectVersion:   Dev-Core (375EC13C-06E4-48FB-B500-84F0262A717E): 4
LogDevObjectVersion:   Dev-Editor (E4B068ED-F494-42E9-A231-DA0B2E46BB41): 38
LogDevObjectVersion:   Dev-Framework (CFFC743F-43B0-4480-9391-14DF171D2073): 37
LogDevObjectVersion:   Dev-Mobile (B02B49B5-BB20-44E9-A304-32B752E40360): 2
LogDevObjectVersion:   Dev-Networking (A4E4105C-59A1-49B5-A7C5-40C4547EDFEE): 0
LogDevObjectVersion:   Dev-Online (39C831C9-5AE6-47DC-9A44-9C173E1C8E7C): 0
LogDevObjectVersion:   Dev-Physics (78F01B33-EBEA-4F98-B9B4-84EACCB95AA2): 4
LogDevObjectVersion:   Dev-Platform (6631380F-2D4D-43E0-8009-CF276956A95A): 0
LogDevObjectVersion:   Dev-Rendering (12F88B9F-8875-4AFC-A67C-D90C383ABD29): 43
LogDevObjectVersion:   Dev-Sequencer (7B5AE74C-D270-4C10-A958-57980B212A5A): 12
LogDevObjectVersion:   Dev-VR (D7296918-1DD6-4BDD-9DE2-64A83CC13884): 3
LogDevObjectVersion:   Dev-LoadTimes (C2A15278-BFE7-4AFE-6C17-90FF531DF755): 1
LogDevObjectVersion:   Private-Geometry (6EACA3D4-40EC-4CC1-B786-8BED09428FC5): 3
LogDevObjectVersion:   Dev-AnimPhys (29E575DD-E0A3-4627-9D10-D276232CDCEA): 17
LogDevObjectVersion:   Dev-Anim (AF43A65D-7FD3-4947-9873-3E8ED9C1BB05): 7
LogDevObjectVersion:   Dev-ReflectionCapture (6B266CEC-1EC7-4B8F-A30B-E4D90942FC07): 1
LogDevObjectVersion:   Dev-Automation (0DF73D61-A23F-47EA-B727-89E90C41499A): 1
LogDevObjectVersion:   FortniteMain (601D1886-AC64-4F84-AA16-D3DE0DEAC7D6): 31
LogDevObjectVersion:   Dev-Enterprise (9DFFBCD6-494F-0158-E221-12823C92A888): 10
LogDevObjectVersion:   Dev-Niagara (F2AED0AC-9AFE-416F-8664-AA7FFA26D6FC): 1
LogDevObjectVersion:   Dev-Destruction (174F1F0B-B4C6-45A5-B13F-2EE8D0FB917D): 10
LogDevObjectVersion:   Dev-Physics-Ext (35F94A83-E258-406C-A318-09F59610247C): 37
LogDevObjectVersion:   Dev-PhysicsMaterial-Chaos (B68FC16E-8B1B-42E2-B453-215C058844FE): 1
LogDevObjectVersion:   Dev-CineCamera (B2E18506-4273-CFC2-A54E-F4BB758BBA07): 1
LogInit: Presizing for max 25165824 objects, including 0 objects not considered by GC, pre-allocating 0 bytes for permanent pool.
LogConfig: Applying CVar settings from Section [/Script/Engine.StreamingSettings] File [D:/BlastMage/BlastMageProject/Saved/Config/Windows/Engine.ini]
LogConfig: Setting CVar [[s.MinBulkDataSizeForAsyncLoading:131072]]
LogConfig: Setting CVar [[s.AsyncLoadingThreadEnabled:0]]
LogConfig: Setting CVar [[s.EventDrivenLoaderEnabled:1]]
LogConfig: Setting CVar [[s.WarnIfTimeLimitExceeded:0]]
LogConfig: Setting CVar [[s.TimeLimitExceededMultiplier:1.5]]
LogConfig: Setting CVar [[s.TimeLimitExceededMinTime:0.005]]
LogConfig: Setting CVar [[s.UseBackgroundLevelStreaming:1]]
LogConfig: Setting CVar [[s.PriorityAsyncLoadingExtraTime:15.0]]
LogConfig: Setting CVar [[s.LevelStreamingActorsUpdateTimeLimit:5.0]]
LogConfig: Setting CVar [[s.PriorityLevelStreamingActorsUpdateExtraTime:5.0]]
LogConfig: Setting CVar [[s.LevelStreamingComponentsRegistrationGranularity:10]]
LogConfig: Setting CVar [[s.UnregisterComponentsTimeLimit:1.0]]
LogConfig: Setting CVar [[s.LevelStreamingComponentsUnregistrationGranularity:5]]
LogConfig: Setting CVar [[s.FlushStreamingOnExit:1]]
LogInit: Object subsystem initialized
LogConfig: Setting CVar [[con.DebugEarlyDefault:1]]
LogConfig: Setting CVar [[r.setres:1280x720]]
[2020.12.05-22.20.36:152][  0]LogConfig: Setting CVar [[r.VSync:0]]
[2020.12.05-22.20.36:152][  0]LogConfig: Setting CVar [[r.RHICmdBypass:0]]
[2020.12.05-22.20.36:152][  0]LogConfig: Applying CVar settings from Section [/Script/Engine.RendererSettings] File [D:/BlastMage/BlastMageProject/Saved/Config/Windows/Engine.ini]
[2020.12.05-22.20.36:152][  0]LogConfig: Setting CVar [[r.GPUCrashDebugging:0]]
[2020.12.05-22.20.36:152][  0]LogConfig: Applying CVar settings from Section [/Script/Engine.RendererOverrideSettings] File [D:/BlastMage/BlastMageProject/Saved/Config/Windows/Engine.ini]
[2020.12.05-22.20.36:152][  0]LogConfig: Applying CVar settings from Section [/Script/Engine.StreamingSettings] File [D:/BlastMage/BlastMageProject/Saved/Config/Windows/Engine.ini]
[2020.12.05-22.20.36:152][  0]LogConfig: Setting CVar [[s.MinBulkDataSizeForAsyncLoading:131072]]
[2020.12.05-22.20.36:152][  0]LogConfig: Setting CVar [[s.AsyncLoadingThreadEnabled:0]]
[2020.12.05-22.20.36:152][  0]LogConfig: Setting CVar [[s.EventDrivenLoaderEnabled:1]]
[2020.12.05-22.20.36:152][  0]LogConfig: Setting CVar [[s.WarnIfTimeLimitExceeded:0]]
[2020.12.05-22.20.36:152][  0]LogConfig: Setting CVar [[s.TimeLimitExceededMultiplier:1.5]]
[2020.12.05-22.20.36:152][  0]LogConfig: Setting CVar [[s.TimeLimitExceededMinTime:0.005]]
[2020.12.05-22.20.36:152][  0]LogConfig: Setting CVar [[s.UseBackgroundLevelStreaming:1]]
[2020.12.05-22.20.36:152][  0]LogConfig: Setting CVar [[s.PriorityAsyncLoadingExtraTime:15.0]]
[2020.12.05-22.20.36:152][  0]LogConfig: Setting CVar [[s.LevelStreamingActorsUpdateTimeLimit:5.0]]
[2020.12.05-22.20.36:152][  0]LogConfig: Setting CVar [[s.PriorityLevelStreamingActorsUpdateExtraTime:5.0]]
[2020.12.05-22.20.36:152][  0]LogConfig: Setting CVar [[s.LevelStreamingComponentsRegistrationGranularity:10]]
[2020.12.05-22.20.36:152][  0]LogConfig: Setting CVar [[s.UnregisterComponentsTimeLimit:1.0]]
[2020.12.05-22.20.36:152][  0]LogConfig: Setting CVar [[s.LevelStreamingComponentsUnregistrationGranularity:5]]
[2020.12.05-22.20.36:152][  0]LogConfig: Setting CVar [[s.FlushStreamingOnExit:1]]
[2020.12.05-22.20.36:152][  0]LogConfig: Applying CVar settings from Section [/Script/Engine.GarbageCollectionSettings] File [D:/BlastMage/BlastMageProject/Saved/Config/Windows/Engine.ini]
[2020.12.05-22.20.36:152][  0]LogConfig: Setting CVar [[gc.MaxObjectsNotConsideredByGC:1]]
[2020.12.05-22.20.36:152][  0]LogConfig: Setting CVar [[gc.SizeOfPermanentObjectPool:0]]
[2020.12.05-22.20.36:152][  0]LogConfig: Setting CVar [[gc.FlushStreamingOnGC:0]]
[2020.12.05-22.20.36:152][  0]LogConfig: Setting CVar [[gc.NumRetriesBeforeForcingGC:10]]
[2020.12.05-22.20.36:152][  0]LogConfig: Setting CVar [[gc.AllowParallelGC:1]]
[2020.12.05-22.20.36:152][  0]LogConfig: Setting CVar [[gc.TimeBetweenPurgingPendingKillObjects:61.1]]
[2020.12.05-22.20.36:152][  0]LogConfig: Setting CVar [[gc.MaxObjectsInEditor:25165824]]
[2020.12.05-22.20.36:152][  0]LogConfig: Setting CVar [[gc.IncrementalBeginDestroyEnabled:1]]
[2020.12.05-22.20.36:152][  0]LogConfig: Setting CVar [[gc.CreateGCClusters:1]]
[2020.12.05-22.20.36:152][  0]LogConfig: Setting CVar [[gc.MinGCClusterSize:5]]
[2020.12.05-22.20.36:152][  0]LogConfig: Setting CVar [[gc.ActorClusteringEnabled:0]]
[2020.12.05-22.20.36:152][  0]LogConfig: Setting CVar [[gc.BlueprintClusteringEnabled:0]]
[2020.12.05-22.20.36:152][  0]LogConfig: Setting CVar [[gc.UseDisregardForGCOnDedicatedServers:0]]
[2020.12.05-22.20.36:152][  0]LogConfig: Applying CVar settings from Section [/Script/Engine.NetworkSettings] File [D:/BlastMage/BlastMageProject/Saved/Config/Windows/Engine.ini]
[2020.12.05-22.20.36:152][  0]LogConfig: Applying CVar settings from Section [/Script/UnrealEd.CookerSettings] File [D:/BlastMage/BlastMageProject/Saved/Config/Windows/Engine.ini]
[2020.12.05-22.20.36:154][  0]LogConfig: Applying CVar settings from Section [ViewDistanceQuality@3] File [D:/BlastMage/BlastMageProject/Saved/Config/Windows/Scalability.ini]
[2020.12.05-22.20.36:154][  0]LogConfig: Setting CVar [[r.SkeletalMeshLODBias:0]]
[2020.12.05-22.20.36:154][  0]LogConfig: Setting CVar [[r.ViewDistanceScale:1.0]]
[2020.12.05-22.20.36:154][  0]LogConfig: Applying CVar settings from Section [AntiAliasingQuality@3] File [D:/BlastMage/BlastMageProject/Saved/Config/Windows/Scalability.ini]
[2020.12.05-22.20.36:154][  0]LogConfig: Setting CVar [[r.PostProcessAAQuality:4]]
[2020.12.05-22.20.36:154][  0]LogConfig: Applying CVar settings from Section [ShadowQuality@3] File [D:/BlastMage/BlastMageProject/Saved/Config/Windows/Scalability.ini]
[2020.12.05-22.20.36:154][  0]LogConfig: Setting CVar [[r.LightFunctionQuality:1]]
[2020.12.05-22.20.36:154][  0]LogConfig: Setting CVar [[r.ShadowQuality:5]]
[2020.12.05-22.20.36:154][  0]LogConfig: Setting CVar [[r.Shadow.CSM.MaxCascades:10]]
[2020.12.05-22.20.36:154][  0]LogConfig: Setting CVar [[r.Shadow.MaxResolution:2048]]
[2020.12.05-22.20.36:154][  0]LogConfig: Setting CVar [[r.Shadow.MaxCSMResolution:2048]]
[2020.12.05-22.20.36:154][  0]LogConfig: Setting CVar [[r.Shadow.RadiusThreshold:0.01]]
[2020.12.05-22.20.36:154][  0]LogConfig: Setting CVar [[r.Shadow.DistanceScale:1.0]]
[2020.12.05-22.20.36:154][  0]LogConfig: Setting CVar [[r.Shadow.CSM.TransitionScale:1.0]]
[2020.12.05-22.20.36:154][  0]LogConfig: Setting CVar [[r.Shadow.PreShadowResolutionFactor:1.0]]
[2020.12.05-22.20.36:154][  0]LogConfig: Setting CVar [[r.DistanceFieldShadowing:1]]
[2020.12.05-22.20.36:154][  0]LogConfig: Setting CVar [[r.DistanceFieldAO:1]]
[2020.12.05-22.20.36:154][  0]LogConfig: Setting CVar [[r.AOQuality:2]]
[2020.12.05-22.20.36:154][  0]LogConfig: Setting CVar [[r.VolumetricFog:1]]
[2020.12.05-22.20.36:154][  0]LogConfig: Setting CVar [[r.VolumetricFog.GridPixelSize:8]]
[2020.12.05-22.20.36:154][  0]LogConfig: Setting CVar [[r.VolumetricFog.GridSizeZ:128]]
[2020.12.05-22.20.36:154][  0]LogConfig: Setting CVar [[r.VolumetricFog.HistoryMissSupersampleCount:4]]
[2020.12.05-22.20.36:154][  0]LogConfig: Setting CVar [[r.LightMaxDrawDistanceScale:1]]
[2020.12.05-22.20.36:154][  0]LogConfig: Setting CVar [[r.CapsuleShadows:1]]
[2020.12.05-22.20.36:154][  0]LogConfig: Applying CVar settings from Section [PostProcessQuality@3] File [D:/BlastMage/BlastMageProject/Saved/Config/Windows/Scalability.ini]
[2020.12.05-22.20.36:154][  0]LogConfig: Setting CVar [[r.MotionBlurQuality:4]]
[2020.12.05-22.20.36:154][  0]LogConfig: Setting CVar [[r.AmbientOcclusionMipLevelFactor:0.4]]
[2020.12.05-22.20.36:154][  0]LogConfig: Setting CVar [[r.AmbientOcclusionMaxQuality:100]]
[2020.12.05-22.20.36:154][  0]LogConfig: Setting CVar [[r.AmbientOcclusionLevels:-1]]
[2020.12.05-22.20.36:154][  0]LogConfig: Setting CVar [[r.AmbientOcclusionRadiusScale:1.0]]
[2020.12.05-22.20.36:154][  0]LogConfig: Setting CVar [[r.DepthOfFieldQuality:2]]
[2020.12.05-22.20.36:154][  0]LogConfig: Setting CVar [[r.RenderTargetPoolMin:400]]
[2020.12.05-22.20.36:154][  0]LogConfig: Setting CVar [[r.LensFlareQuality:2]]
[2020.12.05-22.20.36:154][  0]LogConfig: Setting CVar [[r.SceneColorFringeQuality:1]]
[2020.12.05-22.20.36:154][  0]LogConfig: Setting CVar [[r.EyeAdaptationQuality:2]]
[2020.12.05-22.20.36:154][  0]LogConfig: Setting CVar [[r.BloomQuality:5]]
[2020.12.05-22.20.36:154][  0]LogConfig: Setting CVar [[r.FastBlurThreshold:100]]
[2020.12.05-22.20.36:155][  0]LogConfig: Setting CVar [[r.Upscale.Quality:3]]
[2020.12.05-22.20.36:155][  0]LogConfig: Setting CVar [[r.Tonemapper.GrainQuantization:1]]
[2020.12.05-22.20.36:155][  0]LogConfig: Setting CVar [[r.LightShaftQuality:1]]
[2020.12.05-22.20.36:155][  0]LogConfig: Setting CVar [[r.Filter.SizeScale:1]]
[2020.12.05-22.20.36:155][  0]LogConfig: Setting CVar [[r.Tonemapper.Quality:5]]
[2020.12.05-22.20.36:155][  0]LogConfig: Setting CVar [[r.DOF.Gather.AccumulatorQuality:1        ; higher gathering accumulator quality]]
[2020.12.05-22.20.36:155][  0]LogConfig: Setting CVar [[r.DOF.Gather.PostfilterMethod:1          ; Median3x3 postfilering method]]
[2020.12.05-22.20.36:155][  0]LogConfig: Setting CVar [[r.DOF.Gather.EnableBokehSettings:0       ; no bokeh simulation when gathering]]
[2020.12.05-22.20.36:155][  0]LogConfig: Setting CVar [[r.DOF.Gather.RingCount:4                 ; medium number of samples when gathering]]
[2020.12.05-22.20.36:155][  0]LogConfig: Setting CVar [[r.DOF.Scatter.ForegroundCompositing:1    ; additive foreground scattering]]
[2020.12.05-22.20.36:155][  0]LogConfig: Setting CVar [[r.DOF.Scatter.BackgroundCompositing:2    ; additive background scattering]]
[2020.12.05-22.20.36:155][  0]LogConfig: Setting CVar [[r.DOF.Scatter.EnableBokehSettings:1      ; bokeh simulation when scattering]]
[2020.12.05-22.20.36:155][  0]LogConfig: Setting CVar [[r.DOF.Scatter.MaxSpriteRatio:0.1         ; only a maximum of 10% of scattered bokeh]]
[2020.12.05-22.20.36:155][  0]LogConfig: Setting CVar [[r.DOF.Recombine.Quality:1                ; cheap slight out of focus]]
[2020.12.05-22.20.36:155][  0]LogConfig: Setting CVar [[r.DOF.Recombine.EnableBokehSettings:0    ; no bokeh simulation on slight out of focus]]
[2020.12.05-22.20.36:155][  0]LogConfig: Setting CVar [[r.DOF.TemporalAAQuality:1                ; more stable temporal accumulation]]
[2020.12.05-22.20.36:155][  0]LogConfig: Setting CVar [[r.DOF.Kernel.MaxForegroundRadius:0.025]]
[2020.12.05-22.20.36:155][  0]LogConfig: Setting CVar [[r.DOF.Kernel.MaxBackgroundRadius:0.025]]
[2020.12.05-22.20.36:155][  0]LogConfig: Applying CVar settings from Section [TextureQuality@3] File [D:/BlastMage/BlastMageProject/Saved/Config/Windows/Scalability.ini]
[2020.12.05-22.20.36:155][  0]LogConfig: Setting CVar [[r.Streaming.MipBias:0]]
[2020.12.05-22.20.36:155][  0]LogConfig: Setting CVar [[r.Streaming.AmortizeCPUToGPUCopy:0]]
[2020.12.05-22.20.36:155][  0]LogConfig: Setting CVar [[r.Streaming.MaxNumTexturesToStreamPerFrame:0]]
[2020.12.05-22.20.36:155][  0]LogConfig: Setting CVar [[r.Streaming.Boost:1]]
[2020.12.05-22.20.36:155][  0]LogConfig: Setting CVar [[r.MaxAnisotropy:8]]
[2020.12.05-22.20.36:155][  0]LogConfig: Setting CVar [[r.VT.MaxAnisotropy:8]]
[2020.12.05-22.20.36:155][  0]LogConfig: Setting CVar [[r.Streaming.LimitPoolSizeToVRAM:0]]
[2020.12.05-22.20.36:155][  0]LogConfig: Setting CVar [[r.Streaming.PoolSize:1000]]
[2020.12.05-22.20.36:155][  0]LogConfig: Setting CVar [[r.Streaming.MaxEffectiveScreenSize:0]]
[2020.12.05-22.20.36:155][  0]LogConfig: Applying CVar settings from Section [EffectsQuality@3] File [D:/BlastMage/BlastMageProject/Saved/Config/Windows/Scalability.ini]
[2020.12.05-22.20.36:155][  0]LogConfig: Setting CVar [[r.TranslucencyLightingVolumeDim:64]]
[2020.12.05-22.20.36:155][  0]LogConfig: Setting CVar [[r.RefractionQuality:2]]
[2020.12.05-22.20.36:155][  0]LogConfig: Setting CVar [[r.SSR.Quality:3]]
[2020.12.05-22.20.36:155][  0]LogConfig: Setting CVar [[r.SSR.HalfResSceneColor:0]]
[2020.12.05-22.20.36:155][  0]LogConfig: Setting CVar [[r.SceneColorFormat:4]]
[2020.12.05-22.20.36:155][  0]LogConfig: Setting CVar [[r.DetailMode:2]]
[2020.12.05-22.20.36:155][  0]LogConfig: Setting CVar [[r.TranslucencyVolumeBlur:1]]
[2020.12.05-22.20.36:155][  0]LogConfig: Setting CVar [[r.MaterialQualityLevel:1 ; High quality]]
[2020.12.05-22.20.36:155][  0]LogConfig: Setting CVar [[r.SSS.Scale:1]]
[2020.12.05-22.20.36:155][  0]LogConfig: Setting CVar [[r.SSS.SampleSet:2]]
[2020.12.05-22.20.36:155][  0]LogConfig: Setting CVar [[r.SSS.Quality:1]]
[2020.12.05-22.20.36:155][  0]LogConfig: Setting CVar [[r.SSS.HalfRes:0]]
[2020.12.05-22.20.36:155][  0]LogConfig: Setting CVar [[r.SSGI.Quality:3]]
[2020.12.05-22.20.36:155][  0]LogConfig: Setting CVar [[r.EmitterSpawnRateScale:1.0]]
[2020.12.05-22.20.36:155][  0]LogConfig: Setting CVar [[r.ParticleLightQuality:2]]
[2020.12.05-22.20.36:155][  0]LogConfig: Setting CVar [[r.SkyAtmosphere.AerialPerspectiveLUT.FastApplyOnOpaque:1 ; Always have FastSkyLUT 1 in this case to avoid wrong sky]]
[2020.12.05-22.20.36:155][  0]LogConfig: Setting CVar [[r.SkyAtmosphere.AerialPerspectiveLUT.SampleCountPerSlice:1]]
[2020.12.05-22.20.36:155][  0]LogConfig: Setting CVar [[r.SkyAtmosphere.AerialPerspectiveLUT.DepthResolution:16.0]]
[2020.12.05-22.20.36:155][  0]LogConfig: Setting CVar [[r.SkyAtmosphere.FastSkyLUT:1]]
[2020.12.05-22.20.36:155][  0]LogConfig: Setting CVar [[r.SkyAtmosphere.FastSkyLUT.SampleCountMin:4.0]]
[2020.12.05-22.20.36:155][  0]LogConfig: Setting CVar [[r.SkyAtmosphere.FastSkyLUT.SampleCountMax:32.0]]
[2020.12.05-22.20.36:155][  0]LogConfig: Setting CVar [[r.SkyAtmosphere.SampleCountMin:4.0]]
[2020.12.05-22.20.36:155][  0]LogConfig: Setting CVar [[r.SkyAtmosphere.SampleCountMax:32.0]]
[2020.12.05-22.20.36:155][  0]LogConfig: Setting CVar [[r.SkyAtmosphere.TransmittanceLUT.UseSmallFormat:0]]
[2020.12.05-22.20.36:155][  0]LogConfig: Setting CVar [[r.SkyAtmosphere.TransmittanceLUT.SampleCount:10.0]]
[2020.12.05-22.20.36:155][  0]LogConfig: Setting CVar [[r.SkyAtmosphere.MultiScatteringLUT.SampleCount:15.0]]
[2020.12.05-22.20.36:155][  0]LogConfig: Applying CVar settings from Section [FoliageQuality@3] File [D:/BlastMage/BlastMageProject/Saved/Config/Windows/Scalability.ini]
[2020.12.05-22.20.36:155][  0]LogConfig: Setting CVar [[foliage.DensityScale:1.0]]
[2020.12.05-22.20.36:155][  0]LogConfig: Setting CVar [[grass.DensityScale:1.0]]
[2020.12.05-22.20.36:155][  0]LogConfig: Applying CVar settings from Section [ShadingQuality@3] File [D:/BlastMage/BlastMageProject/Saved/Config/Windows/Scalability.ini]
[2020.12.05-22.20.36:155][  0]LogConfig: Setting CVar [[r.HairStrands.SkyLighting.SampleCount:16]]
[2020.12.05-22.20.36:155][  0]LogConfig: Setting CVar [[r.HairStrands.SkyLighting.JitterIntegration:0]]
[2020.12.05-22.20.36:155][  0]LogConfig: Setting CVar [[r.HairStrands.SkyAO.SampleCount:16]]
[2020.12.05-22.20.36:155][  0]LogConfig: Setting CVar [[r.HairStrands.DeepShadow.SuperSampling:0]]
[2020.12.05-22.20.36:155][  0]LogConfig: Setting CVar [[r.HairStrands.VisibilityPPLL:0]]
[2020.12.05-22.20.36:155][  0]LogConfig: Setting CVar [[r.HairStrands.RasterizationScale:0.5]]
[2020.12.05-22.20.36:155][  0]LogConfig: Setting CVar [[r.HairStrands.VelocityRasterizationScale:1]]
[2020.12.05-22.20.36:155][  0]LogInit: Selected Device Profile: [Windows]
[2020.12.05-22.20.36:155][  0]LogInit: Applying CVar settings loaded from the selected device profile: [Windows]
[2020.12.05-22.20.36:155][  0]LogHAL: Display: Platform has ~ 32 GB [34154270720 / 34359738368 / 32], which maps to Largest [LargestMinGB=32, LargerMinGB=12, DefaultMinGB=8, SmallerMinGB=6, SmallestMinGB=0)
[2020.12.05-22.20.36:155][  0]LogInit: Going up to parent DeviceProfile []
[2020.12.05-22.20.36:155][  0]LogConfig: Applying CVar settings from Section [ViewDistanceQuality@3] File [D:/BlastMage/BlastMageProject/Saved/Config/Windows/Scalability.ini]
[2020.12.05-22.20.36:155][  0]LogConfig: Setting CVar [[r.SkeletalMeshLODBias:0]]
[2020.12.05-22.20.36:155][  0]LogConfig: Setting CVar [[r.ViewDistanceScale:1.0]]
[2020.12.05-22.20.36:155][  0]LogConfig: Applying CVar settings from Section [AntiAliasingQuality@3] File [D:/BlastMage/BlastMageProject/Saved/Config/Windows/Scalability.ini]
[2020.12.05-22.20.36:155][  0]LogConfig: Setting CVar [[r.PostProcessAAQuality:4]]
[2020.12.05-22.20.36:155][  0]LogConfig: Applying CVar settings from Section [ShadowQuality@3] File [D:/BlastMage/BlastMageProject/Saved/Config/Windows/Scalability.ini]
[2020.12.05-22.20.36:155][  0]LogConfig: Setting CVar [[r.LightFunctionQuality:1]]
[2020.12.05-22.20.36:155][  0]LogConfig: Setting CVar [[r.ShadowQuality:5]]
[2020.12.05-22.20.36:155][  0]LogConfig: Setting CVar [[r.Shadow.CSM.MaxCascades:10]]
[2020.12.05-22.20.36:155][  0]LogConfig: Setting CVar [[r.Shadow.MaxResolution:2048]]
[2020.12.05-22.20.36:155][  0]LogConfig: Setting CVar [[r.Shadow.MaxCSMResolution:2048]]
[2020.12.05-22.20.36:155][  0]LogConfig: Setting CVar [[r.Shadow.RadiusThreshold:0.01]]
[2020.12.05-22.20.36:155][  0]LogConfig: Setting CVar [[r.Shadow.DistanceScale:1.0]]
[2020.12.05-22.20.36:155][  0]LogConfig: Setting CVar [[r.Shadow.CSM.TransitionScale:1.0]]
[2020.12.05-22.20.36:155][  0]LogConfig: Setting CVar [[r.Shadow.PreShadowResolutionFactor:1.0]]
[2020.12.05-22.20.36:155][  0]LogConfig: Setting CVar [[r.DistanceFieldShadowing:1]]
[2020.12.05-22.20.36:155][  0]LogConfig: Setting CVar [[r.DistanceFieldAO:1]]
[2020.12.05-22.20.36:155][  0]LogConfig: Setting CVar [[r.AOQuality:2]]
[2020.12.05-22.20.36:155][  0]LogConfig: Setting CVar [[r.VolumetricFog:1]]
[2020.12.05-22.20.36:155][  0]LogConfig: Setting CVar [[r.VolumetricFog.GridPixelSize:8]]
[2020.12.05-22.20.36:155][  0]LogConfig: Setting CVar [[r.VolumetricFog.GridSizeZ:128]]
[2020.12.05-22.20.36:155][  0]LogConfig: Setting CVar [[r.VolumetricFog.HistoryMissSupersampleCount:4]]
[2020.12.05-22.20.36:155][  0]LogConfig: Setting CVar [[r.LightMaxDrawDistanceScale:1]]
[2020.12.05-22.20.36:155][  0]LogConfig: Setting CVar [[r.CapsuleShadows:1]]
[2020.12.05-22.20.36:156][  0]LogConfig: Applying CVar settings from Section [PostProcessQuality@3] File [D:/BlastMage/BlastMageProject/Saved/Config/Windows/Scalability.ini]
[2020.12.05-22.20.36:156][  0]LogConfig: Setting CVar [[r.MotionBlurQuality:4]]
[2020.12.05-22.20.36:156][  0]LogConfig: Setting CVar [[r.AmbientOcclusionMipLevelFactor:0.4]]
[2020.12.05-22.20.36:156][  0]LogConfig: Setting CVar [[r.AmbientOcclusionMaxQuality:100]]
[2020.12.05-22.20.36:156][  0]LogConfig: Setting CVar [[r.AmbientOcclusionLevels:-1]]
[2020.12.05-22.20.36:156][  0]LogConfig: Setting CVar [[r.AmbientOcclusionRadiusScale:1.0]]
[2020.12.05-22.20.36:156][  0]LogConfig: Setting CVar [[r.DepthOfFieldQuality:2]]
[2020.12.05-22.20.36:156][  0]LogConfig: Setting CVar [[r.RenderTargetPoolMin:400]]
[2020.12.05-22.20.36:156][  0]LogConfig: Setting CVar [[r.LensFlareQuality:2]]
[2020.12.05-22.20.36:156][  0]LogConfig: Setting CVar [[r.SceneColorFringeQuality:1]]
[2020.12.05-22.20.36:156][  0]LogConfig: Setting CVar [[r.EyeAdaptationQuality:2]]
[2020.12.05-22.20.36:156][  0]LogConfig: Setting CVar [[r.BloomQuality:5]]
[2020.12.05-22.20.36:156][  0]LogConfig: Setting CVar [[r.FastBlurThreshold:100]]
[2020.12.05-22.20.36:156][  0]LogConfig: Setting CVar [[r.Upscale.Quality:3]]
[2020.12.05-22.20.36:156][  0]LogConfig: Setting CVar [[r.Tonemapper.GrainQuantization:1]]
[2020.12.05-22.20.36:156][  0]LogConfig: Setting CVar [[r.LightShaftQuality:1]]
[2020.12.05-22.20.36:156][  0]LogConfig: Setting CVar [[r.Filter.SizeScale:1]]
[2020.12.05-22.20.36:156][  0]LogConfig: Setting CVar [[r.Tonemapper.Quality:5]]
[2020.12.05-22.20.36:156][  0]LogConfig: Setting CVar [[r.DOF.Gather.AccumulatorQuality:1        ; higher gathering accumulator quality]]
[2020.12.05-22.20.36:156][  0]LogConfig: Setting CVar [[r.DOF.Gather.PostfilterMethod:1          ; Median3x3 postfilering method]]
[2020.12.05-22.20.36:156][  0]LogConfig: Setting CVar [[r.DOF.Gather.EnableBokehSettings:0       ; no bokeh simulation when gathering]]
[2020.12.05-22.20.36:156][  0]LogConfig: Setting CVar [[r.DOF.Gather.RingCount:4                 ; medium number of samples when gathering]]
[2020.12.05-22.20.36:156][  0]LogConfig: Setting CVar [[r.DOF.Scatter.ForegroundCompositing:1    ; additive foreground scattering]]
[2020.12.05-22.20.36:156][  0]LogConfig: Setting CVar [[r.DOF.Scatter.BackgroundCompositing:2    ; additive background scattering]]
[2020.12.05-22.20.36:156][  0]LogConfig: Setting CVar [[r.DOF.Scatter.EnableBokehSettings:1      ; bokeh simulation when scattering]]
[2020.12.05-22.20.36:156][  0]LogConfig: Setting CVar [[r.DOF.Scatter.MaxSpriteRatio:0.1         ; only a maximum of 10% of scattered bokeh]]
[2020.12.05-22.20.36:156][  0]LogConfig: Setting CVar [[r.DOF.Recombine.Quality:1                ; cheap slight out of focus]]
[2020.12.05-22.20.36:156][  0]LogConfig: Setting CVar [[r.DOF.Recombine.EnableBokehSettings:0    ; no bokeh simulation on slight out of focus]]
[2020.12.05-22.20.36:156][  0]LogConfig: Setting CVar [[r.DOF.TemporalAAQuality:1                ; more stable temporal accumulation]]
[2020.12.05-22.20.36:156][  0]LogConfig: Setting CVar [[r.DOF.Kernel.MaxForegroundRadius:0.025]]
[2020.12.05-22.20.36:156][  0]LogConfig: Setting CVar [[r.DOF.Kernel.MaxBackgroundRadius:0.025]]
[2020.12.05-22.20.36:156][  0]LogConfig: Applying CVar settings from Section [TextureQuality@3] File [D:/BlastMage/BlastMageProject/Saved/Config/Windows/Scalability.ini]
[2020.12.05-22.20.36:156][  0]LogConfig: Setting CVar [[r.Streaming.MipBias:0]]
[2020.12.05-22.20.36:156][  0]LogConfig: Setting CVar [[r.Streaming.AmortizeCPUToGPUCopy:0]]
[2020.12.05-22.20.36:156][  0]LogConfig: Setting CVar [[r.Streaming.MaxNumTexturesToStreamPerFrame:0]]
[2020.12.05-22.20.36:156][  0]LogConfig: Setting CVar [[r.Streaming.Boost:1]]
[2020.12.05-22.20.36:156][  0]LogConfig: Setting CVar [[r.MaxAnisotropy:8]]
[2020.12.05-22.20.36:156][  0]LogConfig: Setting CVar [[r.VT.MaxAnisotropy:8]]
[2020.12.05-22.20.36:156][  0]LogConfig: Setting CVar [[r.Streaming.LimitPoolSizeToVRAM:0]]
[2020.12.05-22.20.36:156][  0]LogConfig: Setting CVar [[r.Streaming.PoolSize:1000]]
[2020.12.05-22.20.36:156][  0]LogConfig: Setting CVar [[r.Streaming.MaxEffectiveScreenSize:0]]
[2020.12.05-22.20.36:156][  0]LogConfig: Applying CVar settings from Section [EffectsQuality@3] File [D:/BlastMage/BlastMageProject/Saved/Config/Windows/Scalability.ini]
[2020.12.05-22.20.36:156][  0]LogConfig: Setting CVar [[r.TranslucencyLightingVolumeDim:64]]
[2020.12.05-22.20.36:156][  0]LogConfig: Setting CVar [[r.RefractionQuality:2]]
[2020.12.05-22.20.36:156][  0]LogConfig: Setting CVar [[r.SSR.Quality:3]]
[2020.12.05-22.20.36:156][  0]LogConfig: Setting CVar [[r.SSR.HalfResSceneColor:0]]
[2020.12.05-22.20.36:156][  0]LogConfig: Setting CVar [[r.SceneColorFormat:4]]
[2020.12.05-22.20.36:156][  0]LogConfig: Setting CVar [[r.DetailMode:2]]
[2020.12.05-22.20.36:156][  0]LogConfig: Setting CVar [[r.TranslucencyVolumeBlur:1]]
[2020.12.05-22.20.36:156][  0]LogConfig: Setting CVar [[r.MaterialQualityLevel:1 ; High quality]]
[2020.12.05-22.20.36:156][  0]LogConfig: Setting CVar [[r.SSS.Scale:1]]
[2020.12.05-22.20.36:156][  0]LogConfig: Setting CVar [[r.SSS.SampleSet:2]]
[2020.12.05-22.20.36:156][  0]LogConfig: Setting CVar [[r.SSS.Quality:1]]
[2020.12.05-22.20.36:156][  0]LogConfig: Setting CVar [[r.SSS.HalfRes:0]]
[2020.12.05-22.20.36:156][  0]LogConfig: Setting CVar [[r.SSGI.Quality:3]]
[2020.12.05-22.20.36:156][  0]LogConfig: Setting CVar [[r.EmitterSpawnRateScale:1.0]]
[2020.12.05-22.20.36:156][  0]LogConfig: Setting CVar [[r.ParticleLightQuality:2]]
[2020.12.05-22.20.36:156][  0]LogConfig: Setting CVar [[r.SkyAtmosphere.AerialPerspectiveLUT.FastApplyOnOpaque:1 ; Always have FastSkyLUT 1 in this case to avoid wrong sky]]
[2020.12.05-22.20.36:156][  0]LogConfig: Setting CVar [[r.SkyAtmosphere.AerialPerspectiveLUT.SampleCountPerSlice:1]]
[2020.12.05-22.20.36:156][  0]LogConfig: Setting CVar [[r.SkyAtmosphere.AerialPerspectiveLUT.DepthResolution:16.0]]
[2020.12.05-22.20.36:156][  0]LogConfig: Setting CVar [[r.SkyAtmosphere.FastSkyLUT:1]]
[2020.12.05-22.20.36:156][  0]LogConfig: Setting CVar [[r.SkyAtmosphere.FastSkyLUT.SampleCountMin:4.0]]
[2020.12.05-22.20.36:156][  0]LogConfig: Setting CVar [[r.SkyAtmosphere.FastSkyLUT.SampleCountMax:32.0]]
[2020.12.05-22.20.36:156][  0]LogConfig: Setting CVar [[r.SkyAtmosphere.SampleCountMin:4.0]]
[2020.12.05-22.20.36:156][  0]LogConfig: Setting CVar [[r.SkyAtmosphere.SampleCountMax:32.0]]
[2020.12.05-22.20.36:156][  0]LogConfig: Setting CVar [[r.SkyAtmosphere.TransmittanceLUT.UseSmallFormat:0]]
[2020.12.05-22.20.36:156][  0]LogConfig: Setting CVar [[r.SkyAtmosphere.TransmittanceLUT.SampleCount:10.0]]
[2020.12.05-22.20.36:156][  0]LogConfig: Setting CVar [[r.SkyAtmosphere.MultiScatteringLUT.SampleCount:15.0]]
[2020.12.05-22.20.36:156][  0]LogConfig: Applying CVar settings from Section [FoliageQuality@3] File [D:/BlastMage/BlastMageProject/Saved/Config/Windows/Scalability.ini]
[2020.12.05-22.20.36:156][  0]LogConfig: Setting CVar [[foliage.DensityScale:1.0]]
[2020.12.05-22.20.36:156][  0]LogConfig: Setting CVar [[grass.DensityScale:1.0]]
[2020.12.05-22.20.36:156][  0]LogConfig: Applying CVar settings from Section [ShadingQuality@3] File [D:/BlastMage/BlastMageProject/Saved/Config/Windows/Scalability.ini]
[2020.12.05-22.20.36:156][  0]LogConfig: Setting CVar [[r.HairStrands.SkyLighting.SampleCount:16]]
[2020.12.05-22.20.36:156][  0]LogConfig: Setting CVar [[r.HairStrands.SkyLighting.JitterIntegration:0]]
[2020.12.05-22.20.36:156][  0]LogConfig: Setting CVar [[r.HairStrands.SkyAO.SampleCount:16]]
[2020.12.05-22.20.36:156][  0]LogConfig: Setting CVar [[r.HairStrands.DeepShadow.SuperSampling:0]]
[2020.12.05-22.20.36:156][  0]LogConfig: Setting CVar [[r.HairStrands.VisibilityPPLL:0]]
[2020.12.05-22.20.36:156][  0]LogConfig: Setting CVar [[r.HairStrands.RasterizationScale:0.5]]
[2020.12.05-22.20.36:156][  0]LogConfig: Setting CVar [[r.HairStrands.VelocityRasterizationScale:1]]
[2020.12.05-22.20.36:156][  0]LogConfig: Applying CVar settings from Section [Startup] File [../../../Engine/Config/ConsoleVariables.ini]
[2020.12.05-22.20.36:156][  0]LogConfig: Setting CVar [[net.UseAdaptiveNetUpdateFrequency:0]]
[2020.12.05-22.20.36:156][  0]LogConfig: Setting CVar [[p.chaos.AllowCreatePhysxBodies:1]]
[2020.12.05-22.20.36:156][  0]LogConfig: Setting CVar [[fx.SkipVectorVMBackendOptimizations:1]]
[2020.12.05-22.20.36:156][  0]LogConfig: Applying CVar settings from Section [ConsoleVariables] File [D:/BlastMage/BlastMageProject/Saved/Config/Windows/Engine.ini]
[2020.12.05-22.20.36:157][  0]LogInit: Computer: DESKTOP-AANOFUA
[2020.12.05-22.20.36:157][  0]LogInit: User: robin
[2020.12.05-22.20.36:157][  0]LogInit: CPU Page size=4096, Cores=6
[2020.12.05-22.20.36:157][  0]LogInit: High frequency timer resolution =10.000000 MHz
[2020.12.05-22.20.36:157][  0]LogMemory: Memory total: Physical=31.8GB (32GB approx)
[2020.12.05-22.20.36:157][  0]LogMemory: Platform Memory Stats for Windows
[2020.12.05-22.20.36:157][  0]LogMemory: Process Physical Memory: 115.16 MB used, 115.16 MB peak
[2020.12.05-22.20.36:157][  0]LogMemory: Process Virtual Memory: 97.23 MB used, 97.23 MB peak
[2020.12.05-22.20.36:157][  0]LogMemory: Physical Memory: 7919.74 MB used,  24652.31 MB free, 32572.05 MB total
[2020.12.05-22.20.36:157][  0]LogMemory: Virtual Memory: 5164.87 MB used,  134212560.00 MB free, 134217728.00 MB total
[2020.12.05-22.20.36:160][  0]LogWindows: WindowsPlatformFeatures enabled
[2020.12.05-22.20.36:195][  0]LogInit: Physics initialised using underlying interface: PhysX
[2020.12.05-22.20.36:196][  0]LogInit: Using OS detected language (en-US).
[2020.12.05-22.20.36:196][  0]LogInit: Using OS detected locale (en-US).
[2020.12.05-22.20.36:198][  0]LogTextLocalizationManager: No specific localization for 'en-US' exists, so the 'en' localization will be used.
[2020.12.05-22.20.36:345][  0]LogInit: Setting process to per monitor DPI aware
[2020.12.05-22.20.36:369][  0]LogSlate: New Slate User Created.  User Index 0, Is Virtual User: 0
[2020.12.05-22.20.36:369][  0]LogSlate: Slate User Registered.  User Index 0, Is Virtual User: 0
[2020.12.05-22.20.36:478][  0]LogHMD: Failed to initialize OpenVR with code 110
[2020.12.05-22.20.36:478][  0]LogD3D11RHI: D3D11 min allowed feature level: 11_0
[2020.12.05-22.20.36:478][  0]LogD3D11RHI: D3D11 max allowed feature level: 11_0
[2020.12.05-22.20.36:478][  0]LogD3D11RHI: D3D11 adapters:
[2020.12.05-22.20.36:537][  0]LogD3D11RHI:    0. 'NVIDIA GeForce RTX 2060' (Feature Level 11_0)
[2020.12.05-22.20.36:537][  0]LogD3D11RHI:       5980/0/16286 MB DedicatedVideo/DedicatedSystem/SharedSystem, Outputs:1, VendorId:0x10de
[2020.12.05-22.20.36:558][  0]LogD3D11RHI:    1. 'Intel(R) UHD Graphics 630' (Feature Level 11_0)
[2020.12.05-22.20.36:558][  0]LogD3D11RHI:       128/0/16286 MB DedicatedVideo/DedicatedSystem/SharedSystem, Outputs:0, VendorId:0x8086
[2020.12.05-22.20.36:560][  0]LogD3D11RHI:    2. 'Microsoft Basic Render Driver' (Feature Level 11_0)
[2020.12.05-22.20.36:560][  0]LogD3D11RHI:       0/0/16286 MB DedicatedVideo/DedicatedSystem/SharedSystem, Outputs:0, VendorId:0x1414
[2020.12.05-22.20.36:560][  0]LogD3D11RHI: Chosen D3D11 Adapter: 0
[2020.12.05-22.20.36:565][  0]LogD3D11RHI: Creating new Direct3DDevice
[2020.12.05-22.20.36:565][  0]LogD3D11RHI:     GPU DeviceId: 0x1f11 (for the marketing name, search the web for "GPU Device Id")
[2020.12.05-22.20.36:565][  0]LogWindows: EnumDisplayDevices:
[2020.12.05-22.20.36:565][  0]LogWindows:    0. 'Intel(R) UHD Graphics 630' (P:1 D:1)
[2020.12.05-22.20.36:565][  0]LogWindows:    1. 'Intel(R) UHD Graphics 630' (P:0 D:0)
[2020.12.05-22.20.36:566][  0]LogWindows:    2. 'Intel(R) UHD Graphics 630' (P:0 D:0)
[2020.12.05-22.20.36:566][  0]LogWindows:    3. 'NVIDIA GeForce RTX 2060' (P:0 D:0)
[2020.12.05-22.20.36:566][  0]LogWindows:    4. 'NVIDIA GeForce RTX 2060' (P:0 D:0)
[2020.12.05-22.20.36:566][  0]LogWindows:    5. 'NVIDIA GeForce RTX 2060' (P:0 D:0)
[2020.12.05-22.20.36:566][  0]LogWindows:    6. 'NVIDIA GeForce RTX 2060' (P:0 D:0)
[2020.12.05-22.20.36:566][  0]LogWindows: DebugString: PrimaryIsNotTheChoosenAdapter PrimaryIsNotTheChoosenAdapter PrimaryIsNotTheChoosenAdapter FoundDriverCount:4 
[2020.12.05-22.20.36:566][  0]LogD3D11RHI:     Adapter Name: NVIDIA GeForce RTX 2060
[2020.12.05-22.20.36:566][  0]LogD3D11RHI:   Driver Version: 457.30 (internal:27.21.14.5730, unified:457.30)
[2020.12.05-22.20.36:566][  0]LogD3D11RHI:      Driver Date: 11-6-2020
[2020.12.05-22.20.36:566][  0]LogRHI: Texture pool is 4186 MB (70% of 5980 MB)
[2020.12.05-22.20.36:600][  0]LogD3D11RHI: RHI has support for 64 bit atomics
[2020.12.05-22.20.36:600][  0]LogD3D11RHI: Async texture creation enabled
[2020.12.05-22.20.36:600][  0]LogD3D11RHI: Array index from any shader is supported
[2020.12.05-22.20.36:629][  0]LogD3D11RHI: GPU Timing Frequency: 1000.000000 (Debug: 2 2)
[2020.12.05-22.20.36:846][  0]LogTargetPlatformManager: Display: Loaded TargetPlatform 'AllDesktop'
[2020.12.05-22.20.36:863][  0]LogTargetPlatformManager: Display: Loaded TargetPlatform 'Android'
[2020.12.05-22.20.36:863][  0]LogTargetPlatformManager: Display: Loaded TargetPlatform 'Android_ASTC'
[2020.12.05-22.20.36:863][  0]LogTargetPlatformManager: Display: Loaded TargetPlatform 'Android_DXT'
[2020.12.05-22.20.36:863][  0]LogTargetPlatformManager: Display: Loaded TargetPlatform 'Android_ETC2'
[2020.12.05-22.20.36:863][  0]LogTargetPlatformManager: Display: Loaded TargetPlatform 'AndroidClient'
[2020.12.05-22.20.36:863][  0]LogTargetPlatformManager: Display: Loaded TargetPlatform 'Android_ASTCClient'
[2020.12.05-22.20.36:863][  0]LogTargetPlatformManager: Display: Loaded TargetPlatform 'Android_DXTClient'
[2020.12.05-22.20.36:863][  0]LogTargetPlatformManager: Display: Loaded TargetPlatform 'Android_ETC2Client'
[2020.12.05-22.20.36:863][  0]LogTargetPlatformManager: Display: Loaded TargetPlatform 'Android_Multi'
[2020.12.05-22.20.36:864][  0]LogTargetPlatformManager: Display: Loaded TargetPlatform 'Android_MultiClient'
[2020.12.05-22.20.36:880][  0]LogTargetPlatformManager: Display: Loaded TargetPlatform 'IOSClient'
[2020.12.05-22.20.36:880][  0]LogTargetPlatformManager: Display: Loaded TargetPlatform 'IOS'
[2020.12.05-22.20.36:889][  0]LogTargetPlatformManager: Display: Loaded TargetPlatform 'Linux'
[2020.12.05-22.20.36:896][  0]LogTargetPlatformManager: Display: Loaded TargetPlatform 'LinuxNoEditor'
[2020.12.05-22.20.36:904][  0]LogTargetPlatformManager: Display: Loaded TargetPlatform 'LinuxClient'
[2020.12.05-22.20.36:911][  0]LogTargetPlatformManager: Display: Loaded TargetPlatform 'LinuxServer'
[2020.12.05-22.20.36:918][  0]LogTargetPlatformManager: Display: Loaded TargetPlatform 'LinuxAArch64NoEditor'
[2020.12.05-22.20.36:925][  0]LogTargetPlatformManager: Display: Loaded TargetPlatform 'LinuxAArch64Client'
[2020.12.05-22.20.36:933][  0]LogTargetPlatformManager: Display: Loaded TargetPlatform 'LinuxAArch64Server'
[2020.12.05-22.20.36:954][  0]LogTargetPlatformManager: Display: Loaded TargetPlatform 'Lumin'
[2020.12.05-22.20.36:954][  0]LogTargetPlatformManager: Display: Loaded TargetPlatform 'LuminClient'
[2020.12.05-22.20.36:967][  0]LogTargetPlatformManager: Display: Loaded TargetPlatform 'TVOSClient'
[2020.12.05-22.20.36:967][  0]LogTargetPlatformManager: Display: Loaded TargetPlatform 'TVOS'
[2020.12.05-22.20.36:974][  0]LogTargetPlatformManager: Display: Loaded TargetPlatform 'WindowsNoEditor'
[2020.12.05-22.20.36:981][  0]LogTargetPlatformManager: Display: Loaded TargetPlatform 'Windows'
[2020.12.05-22.20.36:988][  0]LogTargetPlatformManager: Display: Loaded TargetPlatform 'WindowsClient'
[2020.12.05-22.20.36:996][  0]LogTargetPlatformManager: Display: Loaded TargetPlatform 'WindowsServer'
[2020.12.05-22.20.36:996][  0]LogTargetPlatformManager: Display: Building Assets For Windows
[2020.12.05-22.20.37:001][  0]LogAudioDebug: Display: Lib vorbis DLL was dynamically loaded.
[2020.12.05-22.20.37:043][  0]LogShaderCompilers: Guid format shader working directory is 17 characters bigger than the processId version (D:/BlastMage/BlastMageProject/Intermediate/Shaders/WorkingDirectory/1632/).
[2020.12.05-22.20.37:043][  0]LogShaderCompilers: Cleaned the shader compiler working directory 'C:/Users/robin/AppData/Local/Temp/UnrealShaderWorkingDir/BFBF29844C05BE790F0C1DB1F0CC8875/'.
[2020.12.05-22.20.37:043][  0]LogXGEController: Cleaning working directory: C:/Users/robin/AppData/Local/Temp/UnrealXGEWorkingDir/
[2020.12.05-22.20.37:043][  0]LogXGEController: Cannot use XGE Controller as Incredibuild is not installed on this machine.
[2020.12.05-22.20.37:044][  0]LogShaderCompilers: Cannot use XGE Shader Compiler as Incredibuild is not installed on this machine.
[2020.12.05-22.20.37:044][  0]LogShaderCompilers: Display: Using Local Shader Compiler.
[2020.12.05-22.20.37:694][  0]LogDerivedDataCache: Display: Max Cache Size: 512 MB
[2020.12.05-22.20.37:735][  0]LogDerivedDataCache: Loaded boot cache 0.04s 76MB C:/Users/robin/AppData/Local/UnrealEngine/4.25/DerivedDataCache/Boot.ddc.
[2020.12.05-22.20.37:735][  0]LogDerivedDataCache: Display: Loaded Boot cache: C:/Users/robin/AppData/Local/UnrealEngine/4.25/DerivedDataCache/Boot.ddc
[2020.12.05-22.20.37:735][  0]LogDerivedDataCache: FDerivedDataBackendGraph:  Pak pak cache file D:/BlastMage/BlastMageProject/DerivedDataCache/DDC.ddp not found, will not use a pak cache.
[2020.12.05-22.20.37:735][  0]LogDerivedDataCache: Unable to find inner node Pak for hierarchical cache Hierarchy.
[2020.12.05-22.20.37:735][  0]LogDerivedDataCache: FDerivedDataBackendGraph:  CompressedPak pak cache file D:/BlastMage/BlastMageProject/DerivedDataCache/Compressed.ddp not found, will not use a pak cache.
[2020.12.05-22.20.37:735][  0]LogDerivedDataCache: Unable to find inner node CompressedPak for hierarchical cache Hierarchy.
[2020.12.05-22.20.37:744][  0]LogDerivedDataCache: Display: Pak cache opened for reading ../../../Engine/DerivedDataCache/Compressed.ddp.
[2020.12.05-22.20.37:744][  0]LogDerivedDataCache: FDerivedDataBackendGraph:  EnterprisePak pak cache file ../../../Enterprise/DerivedDataCache/Compressed.ddp not found, will not use a pak cache.
[2020.12.05-22.20.37:744][  0]LogDerivedDataCache: Unable to find inner node EnterprisePak for hierarchical cache Hierarchy.
[2020.12.05-22.20.37:745][  0]LogDerivedDataCache: Using Local data cache path C:/Users/robin/AppData/Local/UnrealEngine/Common/DerivedDataCache: Writable
[2020.12.05-22.20.37:745][  0]LogDerivedDataCache: Shared data cache path not found in *engine.ini, will not use an Shared cache.
[2020.12.05-22.20.37:745][  0]LogDerivedDataCache: Unable to find inner node Shared for hierarchical cache Hierarchy.
[2020.12.05-22.20.37:787][  0]LogSlate: Using FreeType 2.10.0
[2020.12.05-22.20.37:787][  0]LogSlate: SlateFontServices - WITH_FREETYPE: 1, WITH_HARFBUZZ: 1
[2020.12.05-22.20.37:808][  0]LogAssetRegistry: FAssetRegistry took 0.0021 seconds to start up
[2020.12.05-22.20.37:991][  0]LogInit: Selected Device Profile: [Windows]
[2020.12.05-22.20.38:086][  0]LogMeshReduction: Using QuadricMeshReduction for automatic static mesh reduction
[2020.12.05-22.20.38:086][  0]LogMeshReduction: Using SimplygonMeshReduction for automatic skeletal mesh reduction
[2020.12.05-22.20.38:086][  0]LogMeshReduction: Using ProxyLODMeshReduction for automatic mesh merging
[2020.12.05-22.20.38:086][  0]LogMeshReduction: No distributed automatic mesh merging module available
[2020.12.05-22.20.38:086][  0]LogMeshMerging: No distributed automatic mesh merging module available
[2020.12.05-22.20.38:098][  0]LogNetVersion: BlastMageProject 1.0.0, NetCL: 13144385, EngineNetVer: 14, GameNetVer: 0 (Checksum: 3112706182)
[2020.12.05-22.20.38:447][  0]LogAISub: UAISubsystem::UAISubsystem AISubsystem (00000182C8EF8E80), frame # 0
[2020.12.05-22.20.38:447][  0]LogAISub: UAISubsystem::UAISubsystem AIPerceptionSystem (00000182C8E4D1C0), frame # 0
[2020.12.05-22.20.38:448][  0]LogAISub: UAISubsystem::UAISubsystem EnvQueryManager (00000182C8EA1E00), frame # 0
[2020.12.05-22.20.38:471][  0]LogPackageLocalizationCache: Processed 19 localized package path(s) for 1 prioritized culture(s) in 0.018307 seconds
[2020.12.05-22.20.38:475][  0]LogUObjectArray: 15917 objects as part of root set at end of initial load.
[2020.12.05-22.20.38:475][  0]LogUObjectAllocator: 3965568 out of 0 bytes used by permanent object pool.
[2020.12.05-22.20.38:475][  0]LogUObjectArray: CloseDisregardForGC: 0/0 objects in disregard for GC pool
[2020.12.05-22.20.38:719][  0]LogTcpMessaging: Initializing TcpMessaging bridge
[2020.12.05-22.20.38:723][  0]LogUdpMessaging: Initializing bridge on interface 0.0.0.0:0 to multicast group 230.0.0.1:6666.
[2020.12.05-22.20.38:780][  0]SourceControl: Source control is disabled
[2020.12.05-22.20.38:780][  0]SourceControl: Source control is disabled
[2020.12.05-22.20.38:782][  0]SourceControl: Source control is disabled
[2020.12.05-22.20.38:785][  0]SourceControl: Source control is disabled
[2020.12.05-22.20.38:789][  0]SourceControl: Source control is disabled
[2020.12.05-22.20.38:798][  0]LogVSAccessor: Display: Unable to create Visual Studio setup instance: 80040154
[2020.12.05-22.20.38:799][  0]LogVSAccessor: Display: Unable to create Visual Studio setup instance: 80040154
[2020.12.05-22.20.38:962][  0]LogAndroidPermission: UAndroidPermissionCallbackProxy::GetInstance
[2020.12.05-22.20.38:976][  0]LogAudioCaptureCore: Display: No Audio Capture implementations found. Audio input will be silent.
[2020.12.05-22.20.38:976][  0]LogAudioCaptureCore: Display: No Audio Capture implementations found. Audio input will be silent.
[2020.12.05-22.20.39:013][  0]LogOcInput: OculusInput pre-init called
[2020.12.05-22.20.39:020][  0]LogWindows: Failed to load 'OVRPlugin.dll' (GetLastError=126)
[2020.12.05-22.20.39:020][  0]LogWindows: File 'OVRPlugin.dll' does not exist
[2020.12.05-22.20.39:068][  0]LogEngine: Initializing Engine...
[2020.12.05-22.20.39:069][  0]LogHMD: Failed to initialize OpenVR with code 110
[2020.12.05-22.20.39:069][  0]LogMagicLeap: Warning: VR disabled because ZI is not enabled.  To enable, in the editor, Edit -> Project Settings -> Plugins -> Magic Leap Plugin -> Enable Zero Iteration
[2020.12.05-22.20.39:070][  0]LogStats: UGameplayTagsManager::InitializeManager -  0.000 s
[2020.12.05-22.20.39:163][  0]LogInit: Initializing FReadOnlyCVARCache
[2020.12.05-22.20.39:168][  0]LogAIModule: Creating AISystem for world Untitled
[2020.12.05-22.20.39:168][  0]LogAISub: UAISubsystem::UAISubsystem EnvQueryManager (00000182CEAEBC00), frame # 0
[2020.12.05-22.20.39:168][  0]LogAISub: UAISubsystem::UAISubsystem AIPerceptionSystem (00000182CEB85D00), frame # 0
[2020.12.05-22.20.39:181][  0]LogAudioMixer: Display: Audio Mixer Platform Settings:
[2020.12.05-22.20.39:181][  0]LogAudioMixer: Display: 	Sample Rate:						  48000
[2020.12.05-22.20.39:181][  0]LogAudioMixer: Display: 	Callback Buffer Frame Size Requested: 1024
[2020.12.05-22.20.39:181][  0]LogAudioMixer: Display: 	Callback Buffer Frame Size To Use:	  1024
[2020.12.05-22.20.39:181][  0]LogAudioMixer: Display: 	Number of buffers to queue:			  2
[2020.12.05-22.20.39:181][  0]LogAudioMixer: Display: 	Max Channels (voices):				  32
[2020.12.05-22.20.39:181][  0]LogAudioMixer: Display: 	Number of Async Source Workers:		  0
[2020.12.05-22.20.39:181][  0]LogAudio: Display: AudioDevice MaxSources: 32
[2020.12.05-22.20.39:181][  0]LogAudio: Display: Using built-in audio occlusion.
[2020.12.05-22.20.39:181][  0]LogAudioMixer: Display: Initializing audio mixer.
[2020.12.05-22.20.39:192][  0]LogAudioMixer: Display: 0: FrontLeft
[2020.12.05-22.20.39:192][  0]LogAudioMixer: Display: 1: FrontRight
[2020.12.05-22.20.39:213][  0]LogAudioMixer: Display: Using Audio Device Speakers (2- HyperX Cloud Stinger Wireless)
[2020.12.05-22.20.39:215][  0]LogAudioMixer: Display: Initializing Sound Submixes...
[2020.12.05-22.20.39:216][  0]LogAudioMixer: Display: Creating Master Submix 'MasterSubmixDefault'
[2020.12.05-22.20.39:216][  0]LogAudioMixer: Display: Creating Master Submix 'MasterReverbSubmixDefault'
[2020.12.05-22.20.39:217][  0]LogAudioMixer: Display: Creating Master Submix 'MasterEQSubmixDefault'
[2020.12.05-22.20.39:218][  0]LogInit: FAudioDevice initialized.
[2020.12.05-22.20.39:218][  0]LogNetVersion: Set ProjectVersion to 1.0.0.0. Version Checksum will be recalculated on next use.
[2020.12.05-22.20.39:264][  0]LogDerivedDataCache: Saved boot cache 0.05s 76MB C:/Users/robin/AppData/Local/UnrealEngine/4.25/DerivedDataCache/Boot.ddc.
[2020.12.05-22.20.39:265][  0]LogInit: Texture streaming: Enabled
[2020.12.05-22.20.39:275][  0]LogEngineSessionManager: EngineSessionManager initialized
[2020.12.05-22.20.39:275][  0]LogEditorSessionSummary: Verbose: Initializing EditorSessionSummaryWriter for editor session tracking
[2020.12.05-22.20.39:277][  0]LogEditorSessionSummary: EditorSessionSummaryWriter initialized
[2020.12.05-22.20.39:308][  0]LogInit: Transaction tracking system initialized
[2020.12.05-22.20.39:323][  0]BlueprintLog: New page: Editor Load
[2020.12.05-22.20.39:370][  0]LocalizationService: Localization service is disabled
[2020.12.05-22.20.39:424][  0]LogVSAccessor: Display: Unable to create Visual Studio setup instance: 80040154
[2020.12.05-22.20.39:424][  0]LogVSAccessor: Display: Unable to create Visual Studio setup instance: 80040154
[2020.12.05-22.20.39:482][  0]LogCook: Display: Max memory allowance for cook 16384mb min free memory 0mb
[2020.12.05-22.20.39:482][  0]LogCook: Display: Mobile HDR setting 1
[2020.12.05-22.20.39:573][  0]LogFileCache: Scanning file cache for directory 'D:/BlastMage/BlastMageProject/Content/' took 0.01s
[2020.12.05-22.20.39:754][  0]SourceControl: Source control is disabled
[2020.12.05-22.20.39:754][  0]LogUnrealEdMisc: Loading editor; pre map load, took 4.665
[2020.12.05-22.20.39:754][  0]Cmd: MAP LOAD FILE="D:/BlastMage/BlastMageProject/Content/Gameplay/Maps/TEST_MAP.umap" TEMPLATE=0 SHOWPROGRESS=1 FEATURELEVEL=3
[2020.12.05-22.20.39:754][  0]LightingResults: New page: Lighting Build
[2020.12.05-22.20.39:755][  0]LogWorld: UWorld::CleanupWorld for Untitled, bSessionEnded=true, bCleanupResources=true
[2020.12.05-22.20.39:755][  0]LogSlate: InvalidateAllWidgets triggered.  All widgets were invalidated
[2020.12.05-22.20.39:755][  0]MapCheck: New page: Map Check
[2020.12.05-22.20.39:755][  0]LightingResults: New page: Lighting Build
[2020.12.05-22.20.39:768][  0]LogAISub: UAISubsystem::~UAISubsystem EnvQueryManager (00000182CEAEBC00), frame # 0
[2020.12.05-22.20.39:768][  0]LogAISub: UAISubsystem::~UAISubsystem AIPerceptionSystem (00000182CEB85D00), frame # 0
[2020.12.05-22.20.39:769][  0]LogUObjectHash: Compacting FUObjectHashTables data took   0.54ms
[2020.12.05-22.20.40:367][  0]LogAIModule: Creating AISystem for world TEST_MAP
[2020.12.05-22.20.40:368][  0]LogAISub: UAISubsystem::UAISubsystem EnvQueryManager (00000182EC887E00), frame # 0
[2020.12.05-22.20.40:368][  0]LogAISub: UAISubsystem::UAISubsystem AIPerceptionSystem (00000182EC90E200), frame # 0
[2020.12.05-22.20.40:413][  0]LogEditorServer: Finished looking for orphan Actors (0.000 secs)
[2020.12.05-22.20.40:427][  0]LogUObjectHash: Compacting FUObjectHashTables data took   0.94ms
[2020.12.05-22.20.40:431][  0]Cmd: MAP CHECKDEP NOCLEARLOG
[2020.12.05-22.20.40:431][  0]MapCheck: Map check complete: 0 Error(s), 0 Warning(s), took 0.163ms to complete.
[2020.12.05-22.20.40:431][  0]LogFileHelpers: Loading map 'TEST_MAP' took 0.677
[2020.12.05-22.20.40:432][  0]LogUnrealEdMisc: Total Editor Startup Time, took 5.344
[2020.12.05-22.20.40:532][  0]LogSlate: Updating window title bar state: overlay mode, drag disabled, window buttons hidden, title bar hidden
[2020.12.05-22.20.40:537][  0]LogSlate: Updating window title bar state: overlay mode, drag disabled, window buttons hidden, title bar hidden
[2020.12.05-22.20.40:543][  0]LogSlate: Updating window title bar state: overlay mode, drag disabled, window buttons hidden, title bar hidden
[2020.12.05-22.20.40:550][  0]LogSlate: Updating window title bar state: overlay mode, drag disabled, window buttons hidden, title bar hidden
[2020.12.05-22.20.40:555][  0]LogCollectionManager: Loaded 0 collections in 0.001305 seconds
[2020.12.05-22.20.40:565][  0]LogFileCache: Scanning file cache for directory 'D:/BlastMage/BlastMageProject/Saved/Collections/' took 0.00s
[2020.12.05-22.20.40:565][  0]LogFileCache: Scanning file cache for directory 'D:/BlastMage/BlastMageProject/Content/Developers/robin/Collections/' took 0.00s
[2020.12.05-22.20.40:565][  0]LogFileCache: Scanning file cache for directory 'D:/BlastMage/BlastMageProject/Content/Collections/' took 0.00s
[2020.12.05-22.20.40:565][  0]LogContentBrowser: Native class hierarchy populated in 0.0078 seconds. Added 3427 classes and 821 folders.
[2020.12.05-22.20.40:567][  0]LogContentBrowser: Native class hierarchy updated for 'WidgetCarousel' in 0.0002 seconds. Added 0 classes and 0 folders.
[2020.12.05-22.20.40:601][  0]LogContentBrowser: Native class hierarchy updated for 'AddContentDialog' in 0.0002 seconds. Added 0 classes and 0 folders.
[2020.12.05-22.20.40:601][  0]LogContentBrowser: Native class hierarchy updated for 'SceneOutliner' in 0.0002 seconds. Added 2 classes and 0 folders.
[2020.12.05-22.20.40:708][  0]LogSlate: Took 0.000140 seconds to synchronously load lazily loaded font '../../../Engine/Content/Slate/Fonts/Roboto-Regular.ttf' (155K)
[2020.12.05-22.20.40:710][  0]LogSlate: Took 0.000096 seconds to synchronously load lazily loaded font '../../../Engine/Content/Slate/Fonts/Roboto-Bold.ttf' (160K)
[2020.12.05-22.20.40:713][  0]LogSlate: Took 0.000129 seconds to synchronously load lazily loaded font '../../../Engine/Content/Editor/Slate/Fonts/FontAwesome.ttf' (139K)
[2020.12.05-22.20.40:766][  0]LogRenderer: Reallocating scene render targets to support 1188x548 Format 10 NumSamples 1 (Frame:1).
[2020.12.05-22.20.40:915][  0]LogContentBrowser: Native class hierarchy updated for 'HierarchicalLODOutliner' in 0.0002 seconds. Added 0 classes and 0 folders.
[2020.12.05-22.20.40:915][  0]LogLoad: (Engine Initialization) Total time: 5.83 seconds
[2020.12.05-22.20.40:915][  0]LogLoad: (Engine Initialization) Total Blueprint compile time: 0.00 seconds
[2020.12.05-22.20.40:972][  0]LogAssetRegistry: Asset discovery search completed in 3.1651 seconds
[2020.12.05-22.20.40:976][  0]LogCollectionManager: Fixed up redirectors for 0 collections in 0.000002 seconds (updated 0 objects)
[2020.12.05-22.20.40:977][  0]LogContentStreaming: Texture pool size now 1000 MB
[2020.12.05-22.20.41:003][  0]LogSlate: Took 0.000106 seconds to synchronously load lazily loaded font '../../../Engine/Content/Slate/Fonts/Roboto-Light.ttf' (167K)
[2020.12.05-22.20.43:461][139]LogSlate: Took 0.000119 seconds to synchronously load lazily loaded font '../../../Engine/Content/Slate/Fonts/Roboto-Light.ttf' (167K)
[2020.12.05-22.20.43:484][139]LogAssetEditorSubsystem: Opening Asset editor for World /Game/Spell_Selection.Spell_Selection
[2020.12.05-22.20.43:494][139]LogUObjectHash: Compacting FUObjectHashTables data took   1.08ms
[2020.12.05-22.20.43:496][139]Cmd: MAP LOAD FILE="D:/BlastMage/BlastMageProject/Content/Spell_Selection.umap" TEMPLATE=0 SHOWPROGRESS=1 FEATURELEVEL=3
[2020.12.05-22.20.43:496][139]LightingResults: New page: Lighting Build
[2020.12.05-22.20.43:496][139]LoadErrors: New page: Loading map: Spell_Selection.umap
[2020.12.05-22.20.43:498][139]LogWorld: UWorld::CleanupWorld for TEST_MAP, bSessionEnded=true, bCleanupResources=true
[2020.12.05-22.20.43:498][139]LogSlate: InvalidateAllWidgets triggered.  All widgets were invalidated
[2020.12.05-22.20.43:498][139]MapCheck: New page: Map Check
[2020.12.05-22.20.43:498][139]LightingResults: New page: Lighting Build
[2020.12.05-22.20.43:509][139]LogAISub: UAISubsystem::~UAISubsystem EnvQueryManager (00000182EC887E00), frame # 139
[2020.12.05-22.20.43:509][139]LogAISub: UAISubsystem::~UAISubsystem AIPerceptionSystem (00000182EC90E200), frame # 139
[2020.12.05-22.20.43:510][139]LogUObjectHash: Compacting FUObjectHashTables data took   0.80ms
[2020.12.05-22.20.43:552][139]LogEditorServer: Finished looking for orphan Actors (0.000 secs)
[2020.12.05-22.20.43:552][139]LogAIModule: Creating AISystem for world Spell_Selection
[2020.12.05-22.20.43:552][139]LogAISub: UAISubsystem::UAISubsystem EnvQueryManager (00000183089CAA00), frame # 139
[2020.12.05-22.20.43:552][139]LogAISub: UAISubsystem::UAISubsystem AIPerceptionSystem (00000182BFFAEE80), frame # 139
[2020.12.05-22.20.43:563][139]LogUObjectHash: Compacting FUObjectHashTables data took   0.60ms
[2020.12.05-22.20.43:580][139]Cmd: MAP CHECKDEP NOCLEARLOG
[2020.12.05-22.20.43:581][139]MapCheck: Map check complete: 0 Error(s), 0 Warning(s), took 0.072ms to complete.
[2020.12.05-22.20.43:581][139]LogFileHelpers: Loading map 'Spell_Selection' took 0.084
[2020.12.05-22.20.44:603][199]LogTemp: Repeating last play command: Selected Viewport
[2020.12.05-22.20.44:613][199]LogPlayLevel: PlayLevel: No blueprints needed recompiling
[2020.12.05-22.20.44:613][199]PIE: New page: PIE session: Spell_Selection (Dec 5, 2020, 8:20:44 AM)
[2020.12.05-22.20.44:614][199]LogOnline: OSS: Creating online subsystem instance for: NULL
[2020.12.05-22.20.44:615][199]LogOnline: OSS: TryLoadSubsystemAndSetDefault: Loaded subsystem for module [NULL]
[2020.12.05-22.20.44:615][199]LogPlayLevel: Creating play world package: /Game/UEDPIE_0_Spell_Selection
[2020.12.05-22.20.44:616][199]LogPlayLevel: PIE: StaticDuplicateObject took: (0.000763s)
[2020.12.05-22.20.44:617][199]LogAIModule: Creating AISystem for world Spell_Selection
[2020.12.05-22.20.44:617][199]LogAISub: UAISubsystem::UAISubsystem EnvQueryManager (00000182EC885E00), frame # 199
[2020.12.05-22.20.44:617][199]LogAISub: UAISubsystem::UAISubsystem AIPerceptionSystem (00000182BFFABB00), frame # 199
[2020.12.05-22.20.44:617][199]LogPlayLevel: PIE: World Init took: (0.000939s)
[2020.12.05-22.20.44:617][199]LogPlayLevel: PIE: Created PIE world by copying editor world from /Game/Spell_Selection.Spell_Selection to /Game/UEDPIE_0_Spell_Selection.Spell_Selection (0.001801s)
[2020.12.05-22.20.44:626][199]LogUObjectHash: Compacting FUObjectHashTables data took   0.57ms
[2020.12.05-22.20.44:627][199]LogAudioMixer: Display: Audio Mixer Platform Settings:
[2020.12.05-22.20.44:627][199]LogAudioMixer: Display: 	Sample Rate:						  48000
[2020.12.05-22.20.44:627][199]LogAudioMixer: Display: 	Callback Buffer Frame Size Requested: 1024
[2020.12.05-22.20.44:627][199]LogAudioMixer: Display: 	Callback Buffer Frame Size To Use:	  1024
[2020.12.05-22.20.44:627][199]LogAudioMixer: Display: 	Number of buffers to queue:			  2
[2020.12.05-22.20.44:627][199]LogAudioMixer: Display: 	Max Channels (voices):				  32
[2020.12.05-22.20.44:627][199]LogAudioMixer: Display: 	Number of Async Source Workers:		  0
[2020.12.05-22.20.44:627][199]LogAudio: Display: AudioDevice MaxSources: 32
[2020.12.05-22.20.44:627][199]LogAudio: Display: Using built-in audio occlusion.
[2020.12.05-22.20.44:627][199]LogAudioMixer: Display: Initializing audio mixer.
[2020.12.05-22.20.44:629][199]LogAudioMixer: Display: 0: FrontLeft
[2020.12.05-22.20.44:629][199]LogAudioMixer: Display: 1: FrontRight
[2020.12.05-22.20.44:637][199]LogAudioMixer: Display: Using Audio Device Speakers (2- HyperX Cloud Stinger Wireless)
[2020.12.05-22.20.44:637][199]LogAudioMixer: Display: Initializing Sound Submixes...
[2020.12.05-22.20.44:637][199]LogAudioMixer: Display: Creating Master Submix 'MasterSubmixDefault'
[2020.12.05-22.20.44:637][199]LogAudioMixer: Display: Creating Master Submix 'MasterReverbSubmixDefault'
[2020.12.05-22.20.44:638][199]LogAudioMixer: Display: Creating Master Submix 'MasterEQSubmixDefault'
[2020.12.05-22.20.44:650][199]LogInit: FAudioDevice initialized.
[2020.12.05-22.20.44:657][199]LogLoad: Game class is 'MAIN_GM_C'
[2020.12.05-22.20.44:658][199]LogWorld: Bringing World /Game/UEDPIE_0_Spell_Selection.Spell_Selection up for play (max tick rate 60) at 2020.12.05-15.20.44
[2020.12.05-22.20.44:658][199]LogWorld: Bringing up level for play took: 0.000264
[2020.12.05-22.20.44:658][199]LogOnline: OSS: Creating online subsystem instance for: :Context_1
[2020.12.05-22.20.44:661][199]LogContentBrowser: Native class hierarchy updated for 'MovieSceneCapture' in 0.0003 seconds. Added 20 classes and 0 folders.
[2020.12.05-22.20.44:661][199]PIE: Server logged in
[2020.12.05-22.20.44:662][199]PIE: Play in editor total start time 0.049 seconds.
[2020.12.05-22.20.46:033][281]LogFileCache: Retrieving MD5 hashes for directory 'D:/BlastMage/BlastMageProject/Content/' took 5.10s
[2020.12.05-22.20.50:026][519]LogSlate: Updating window title bar state: overlay mode, drag disabled, window buttons hidden, title bar hidden
[2020.12.05-22.20.50:026][519]LogWorld: BeginTearingDown for /Game/UEDPIE_0_Spell_Selection
[2020.12.05-22.20.50:026][519]LogWorld: UWorld::CleanupWorld for Spell_Selection, bSessionEnded=true, bCleanupResources=true
[2020.12.05-22.20.50:026][519]LogSlate: InvalidateAllWidgets triggered.  All widgets were invalidated
[2020.12.05-22.20.50:037][519]LogPlayLevel: Display: Shutting down PIE online subsystems
[2020.12.05-22.20.50:039][519]LogSlate: InvalidateAllWidgets triggered.  All widgets were invalidated
[2020.12.05-22.20.50:053][519]LogSlate: Updating window title bar state: overlay mode, drag disabled, window buttons hidden, title bar hidden
[2020.12.05-22.20.50:071][519]LogAISub: UAISubsystem::~UAISubsystem AIPerceptionSystem (00000182BFFABB00), frame # 519
[2020.12.05-22.20.50:071][519]LogAISub: UAISubsystem::~UAISubsystem EnvQueryManager (00000182EC885E00), frame # 519
[2020.12.05-22.20.50:071][519]LogUObjectHash: Compacting FUObjectHashTables data took   0.54ms
[2020.12.05-22.20.50:103][521]LogPlayLevel: Display: Destroying online subsystem :Context_1
[2020.12.05-22.20.55:278][823]LogAssetEditorSubsystem: Opening Asset editor for WidgetBlueprint /Game/Blueprints/Spell_Selection_Player1.Spell_Selection_Player1
[2020.12.05-22.20.55:449][823]LogContentBrowser: Native class hierarchy updated for 'BlueprintGraph' in 0.0004 seconds. Added 125 classes and 0 folders.
[2020.12.05-22.20.56:455][823]LogSlate: Took 0.000121 seconds to synchronously load lazily loaded font '../../../Engine/Content/Slate/Fonts/Roboto-BoldCondensed.ttf' (158K)
[2020.12.05-22.20.59:478][  3]LogSlate: Window 'Spell_Selection_Player1' being destroyed
[2020.12.05-22.20.59:482][  3]LogSlate: Window 'Spell_Selection_Player1' being destroyed
[2020.12.05-22.20.59:484][  3]LogWorld: UWorld::CleanupWorld for World_5, bSessionEnded=true, bCleanupResources=true
[2020.12.05-22.20.59:484][  3]LogSlate: InvalidateAllWidgets triggered.  All widgets were invalidated
[2020.12.05-22.20.59:489][  3]LogWorld: UWorld::CleanupWorld for World_4, bSessionEnded=true, bCleanupResources=true
[2020.12.05-22.20.59:489][  3]LogSlate: InvalidateAllWidgets triggered.  All widgets were invalidated
