Log file open, 11/13/20 22:49:05
LogInit: Display: Running engine for game: BlastMageProject
LogPlatformFile: Not using cached read wrapper
LogTaskGraph: Started task graph with 5 named threads and 47 total threads with 3 sets of task threads.
LogStats: Stats thread started at 0.205645
LogD3D11RHI: Loaded GFSDK_Aftermath_Lib.x64.dll
LogICUInternationalization: ICU TimeZone Detection - Raw Offset: -7:00, Platform Override: ''
LogPluginManager: Mounting plugin Paper2D
LogPluginManager: Mounting plugin AISupport
LogPluginManager: Mounting plugin LightPropagationVolume
LogPluginManager: Mounting plugin CameraShakePreviewer
LogPluginManager: Mounting plugin ActorLayerUtilities
LogPluginManager: Mounting plugin AnimationSharing
LogPluginManager: Mounting plugin CLionSourceCodeAccess
LogPluginManager: Mounting plugin CodeLiteSourceCodeAccess
LogPluginManager: Mounting plugin GitSourceControl
LogPluginManager: Mounting plugin KDevelopSourceCodeAccess
LogPluginManager: Mounting plugin NullSourceCodeAccess
LogPluginManager: Mounting plugin PerforceSourceControl
LogPluginManager: Mounting plugin PlasticSourceControl
LogPluginManager: Mounting plugin RiderSourceCodeAccess
LogPluginManager: Mounting plugin SubversionSourceControl
LogPluginManager: Mounting plugin UObjectPlugin
LogPluginManager: Mounting plugin VisualStudioCodeSourceCodeAccess
LogPluginManager: Mounting plugin VisualStudioSourceCodeAccess
LogPluginManager: Mounting plugin XCodeSourceCodeAccess
LogPluginManager: Mounting plugin AssetManagerEditor
LogPluginManager: Mounting plugin CryptoKeys
LogPluginManager: Mounting plugin CurveEditorTools
LogPluginManager: Mounting plugin DataValidation
LogPluginManager: Mounting plugin EditorScriptingUtilities
LogPluginManager: Mounting plugin FacialAnimation
LogPluginManager: Mounting plugin GameplayTagsEditor
LogPluginManager: Mounting plugin GeometryMode
LogPluginManager: Mounting plugin MacGraphicsSwitching
LogPluginManager: Mounting plugin MaterialAnalyzer
LogPluginManager: Mounting plugin MobileLauncherProfileWizard
LogPluginManager: Mounting plugin PluginBrowser
LogPluginManager: Mounting plugin SpeedTreeImporter
LogPluginManager: Mounting plugin DatasmithContent
LogPluginManager: Mounting plugin VariantManagerContent
LogPluginManager: Mounting plugin AlembicImporter
LogPluginManager: Mounting plugin AutomationUtils
LogPluginManager: Mounting plugin BackChannel
LogPluginManager: Mounting plugin ChaosCloth
LogPluginManager: Mounting plugin ChaosClothEditor
LogPluginManager: Mounting plugin ChaosEditor
LogPluginManager: Mounting plugin ChaosNiagara
LogPluginManager: Mounting plugin ChaosSolverPlugin
LogPluginManager: Mounting plugin CharacterAI
LogPluginManager: Mounting plugin GeometryCache
LogPluginManager: Mounting plugin GeometryCollectionPlugin
LogPluginManager: Mounting plugin GeometryProcessing
LogPluginManager: Mounting plugin PlanarCut
LogPluginManager: Mounting plugin PlatformCrypto
LogPluginManager: Mounting plugin ProxyLODPlugin
LogPluginManager: Mounting plugin SkeletalReduction
LogPluginManager: Mounting plugin Niagara
LogPluginManager: Mounting plugin MagicLeap
LogPluginManager: Mounting plugin MagicLeapLightEstimation
LogPluginManager: Mounting plugin MagicLeapMedia
LogPluginManager: Mounting plugin MagicLeapPassableWorld
LogPluginManager: Mounting plugin MLSDK
LogPluginManager: Mounting plugin AndroidMedia
LogPluginManager: Mounting plugin AvfMedia
LogPluginManager: Mounting plugin ImgMedia
LogPluginManager: Mounting plugin MediaCompositing
LogPluginManager: Mounting plugin MediaPlayerEditor
LogPluginManager: Mounting plugin WebMMedia
LogPluginManager: Mounting plugin WmfMedia
LogPluginManager: Mounting plugin MeshPainting
LogPluginManager: Mounting plugin TcpMessaging
LogPluginManager: Mounting plugin UdpMessaging
LogPluginManager: Mounting plugin ActorSequence
LogPluginManager: Mounting plugin LevelSequenceEditor
LogPluginManager: Mounting plugin MatineeToLevelSequence
LogPluginManager: Mounting plugin MovieRenderPipeline
LogPluginManager: Mounting plugin TemplateSequence
LogPluginManager: Mounting plugin NetcodeUnitTest
LogPluginManager: Mounting plugin NUTUnrealEngine4
LogPluginManager: Mounting plugin OnlineSubsystemGooglePlay
LogPluginManager: Mounting plugin OnlineSubsystemIOS
LogPluginManager: Mounting plugin OnlineSubsystem
LogPluginManager: Mounting plugin OnlineSubsystemNull
LogPluginManager: Mounting plugin OnlineSubsystemUtils
LogPluginManager: Mounting plugin LauncherChunkInstaller
LogPluginManager: Mounting plugin AndroidDeviceProfileSelector
LogPluginManager: Mounting plugin AndroidMoviePlayer
LogPluginManager: Mounting plugin AndroidPermission
LogPluginManager: Mounting plugin AppleImageUtils
LogPluginManager: Mounting plugin AppleMoviePlayer
LogPluginManager: Mounting plugin ArchVisCharacter
LogPluginManager: Mounting plugin AssetTags
LogPluginManager: Mounting plugin AudioCapture
LogPluginManager: Mounting plugin CableComponent
LogPluginManager: Mounting plugin CustomMeshComponent
LogPluginManager: Mounting plugin EditableMesh
LogPluginManager: Mounting plugin ExampleDeviceProfileSelector
LogPluginManager: Mounting plugin GoogleCloudMessaging
LogPluginManager: Mounting plugin GooglePAD
LogPluginManager: Mounting plugin IOSDeviceProfileSelector
LogPluginManager: Mounting plugin LinuxDeviceProfileSelector
LogPluginManager: Mounting plugin LocationServicesBPLibrary
LogPluginManager: Mounting plugin MobilePatchingUtils
LogPluginManager: Mounting plugin OculusVR
LogPluginManager: Mounting plugin PhysXVehicles
LogPluginManager: Mounting plugin PostSplashScreen
LogPluginManager: Mounting plugin ProceduralMeshComponent
LogPluginManager: Mounting plugin RuntimePhysXCooking
LogPluginManager: Mounting plugin SignificanceManager
LogPluginManager: Mounting plugin SoundFields
LogPluginManager: Mounting plugin SteamVR
LogPluginManager: Mounting plugin Synthesis
LogPluginManager: Mounting plugin WebMMoviePlayer
LogPluginManager: Mounting plugin WindowsMoviePlayer
LogPluginManager: Mounting plugin ScreenshotTools
LogInit: Using libcurl 7.55.1-DEV
LogInit:  - built for x86_64-pc-win32
LogInit:  - supports SSL with OpenSSL/1.1.1
LogInit:  - supports HTTP deflate (compression) using libz 1.2.8
LogInit:  - other features:
LogInit:      CURL_VERSION_SSL
LogInit:      CURL_VERSION_LIBZ
LogInit:      CURL_VERSION_IPV6
LogInit:      CURL_VERSION_ASYNCHDNS
LogInit:      CURL_VERSION_LARGEFILE
LogInit:      CURL_VERSION_IDN
LogInit:  CurlRequestOptions (configurable via config and command line):
LogInit:  - bVerifyPeer = true  - Libcurl will verify peer certificate
LogInit:  - bUseHttpProxy = false  - Libcurl will NOT use HTTP proxy
LogInit:  - bDontReuseConnections = false  - Libcurl will reuse connections
LogInit:  - MaxHostConnections = 16  - Libcurl will limit the number of connections to a host
LogInit:  - LocalHostAddr = Default
LogInit:  - BufferSize = 65536
LogOnline: OSS: Creating online subsystem instance for: NULL
LogInit: WinSock: version 1.1 (2.2), MaxSocks=32767, MaxUdp=65467
LogOnline: OSS: TryLoadSubsystemAndSetDefault: Loaded subsystem for module [NULL]
LogOculusPluginWrapper: OculusPlugin initialized successfully
LogHMD: Failed initializing OVRPlugin 1.44.0
LogInit: Build: ++UE4+Release-4.25-CL-13942748
LogInit: Engine Version: 4.25.3-13942748+++UE4+Release-4.25
LogInit: Compatible Engine Version: 4.25.0-13144385+++UE4+Release-4.25
LogInit: Net CL: 13144385
LogInit: OS: Windows 10 (Release 1909) (), CPU: AMD Ryzen 7 2700X Eight-Core Processor         , GPU: NVIDIA GeForce GTX 1050 Ti
LogInit: Compiled (64-bit): Jul 25 2020 02:07:48
LogInit: Compiled with Visual C++: 19.24.28315.00
LogInit: Build Configuration: Development
LogInit: Branch Name: ++UE4+Release-4.25
LogInit: Command Line: 
LogInit: Base Directory: D:/Games/UE_4.25/Engine/Binaries/Win64/
LogInit: Allocator: TBB
LogInit: Installed Engine Build: 1
LogDevObjectVersion: Number of dev versions registered: 26
LogDevObjectVersion:   Dev-Blueprints (B0D832E4-1F89-4F0D-ACCF-7EB736FD4AA2): 10
LogDevObjectVersion:   Dev-Build (E1C64328-A22C-4D53-A36C-8E866417BD8C): 0
LogDevObjectVersion:   Dev-Core (375EC13C-06E4-48FB-B500-84F0262A717E): 4
LogDevObjectVersion:   Dev-Editor (E4B068ED-F494-42E9-A231-DA0B2E46BB41): 38
LogDevObjectVersion:   Dev-Framework (CFFC743F-43B0-4480-9391-14DF171D2073): 37
LogDevObjectVersion:   Dev-Mobile (B02B49B5-BB20-44E9-A304-32B752E40360): 2
LogDevObjectVersion:   Dev-Networking (A4E4105C-59A1-49B5-A7C5-40C4547EDFEE): 0
LogDevObjectVersion:   Dev-Online (39C831C9-5AE6-47DC-9A44-9C173E1C8E7C): 0
LogDevObjectVersion:   Dev-Physics (78F01B33-EBEA-4F98-B9B4-84EACCB95AA2): 4
LogDevObjectVersion:   Dev-Platform (6631380F-2D4D-43E0-8009-CF276956A95A): 0
LogDevObjectVersion:   Dev-Rendering (12F88B9F-8875-4AFC-A67C-D90C383ABD29): 43
LogDevObjectVersion:   Dev-Sequencer (7B5AE74C-D270-4C10-A958-57980B212A5A): 12
LogDevObjectVersion:   Dev-VR (D7296918-1DD6-4BDD-9DE2-64A83CC13884): 3
LogDevObjectVersion:   Dev-LoadTimes (C2A15278-BFE7-4AFE-6C17-90FF531DF755): 1
LogDevObjectVersion:   Private-Geometry (6EACA3D4-40EC-4CC1-B786-8BED09428FC5): 3
LogDevObjectVersion:   Dev-AnimPhys (29E575DD-E0A3-4627-9D10-D276232CDCEA): 17
LogDevObjectVersion:   Dev-Anim (AF43A65D-7FD3-4947-9873-3E8ED9C1BB05): 7
LogDevObjectVersion:   Dev-ReflectionCapture (6B266CEC-1EC7-4B8F-A30B-E4D90942FC07): 1
LogDevObjectVersion:   Dev-Automation (0DF73D61-A23F-47EA-B727-89E90C41499A): 1
LogDevObjectVersion:   FortniteMain (601D1886-AC64-4F84-AA16-D3DE0DEAC7D6): 31
LogDevObjectVersion:   Dev-Enterprise (9DFFBCD6-494F-0158-E221-12823C92A888): 10
LogDevObjectVersion:   Dev-Niagara (F2AED0AC-9AFE-416F-8664-AA7FFA26D6FC): 1
LogDevObjectVersion:   Dev-Destruction (174F1F0B-B4C6-45A5-B13F-2EE8D0FB917D): 10
LogDevObjectVersion:   Dev-Physics-Ext (35F94A83-E258-406C-A318-09F59610247C): 37
LogDevObjectVersion:   Dev-PhysicsMaterial-Chaos (B68FC16E-8B1B-42E2-B453-215C058844FE): 1
LogDevObjectVersion:   Dev-CineCamera (B2E18506-4273-CFC2-A54E-F4BB758BBA07): 1
LogInit: Presizing for max 25165824 objects, including 0 objects not considered by GC, pre-allocating 0 bytes for permanent pool.
LogConfig: Applying CVar settings from Section [/Script/Engine.StreamingSettings] File [C:/Users/Duncan/Documents/GitHub/BlastMage/BlastMageProject/Saved/Config/Windows/Engine.ini]
LogConfig: Setting CVar [[s.MinBulkDataSizeForAsyncLoading:131072]]
LogConfig: Setting CVar [[s.AsyncLoadingThreadEnabled:0]]
LogConfig: Setting CVar [[s.EventDrivenLoaderEnabled:1]]
LogConfig: Setting CVar [[s.WarnIfTimeLimitExceeded:0]]
LogConfig: Setting CVar [[s.TimeLimitExceededMultiplier:1.5]]
LogConfig: Setting CVar [[s.TimeLimitExceededMinTime:0.005]]
LogConfig: Setting CVar [[s.UseBackgroundLevelStreaming:1]]
LogConfig: Setting CVar [[s.PriorityAsyncLoadingExtraTime:15.0]]
LogConfig: Setting CVar [[s.LevelStreamingActorsUpdateTimeLimit:5.0]]
LogConfig: Setting CVar [[s.PriorityLevelStreamingActorsUpdateExtraTime:5.0]]
LogConfig: Setting CVar [[s.LevelStreamingComponentsRegistrationGranularity:10]]
LogConfig: Setting CVar [[s.UnregisterComponentsTimeLimit:1.0]]
LogConfig: Setting CVar [[s.LevelStreamingComponentsUnregistrationGranularity:5]]
LogConfig: Setting CVar [[s.FlushStreamingOnExit:1]]
LogInit: Object subsystem initialized
LogConfig: Setting CVar [[con.DebugEarlyDefault:1]]
LogConfig: Setting CVar [[r.setres:1280x720]]
[2020.11.14-05.49.06:301][  0]LogConfig: Setting CVar [[r.VSync:0]]
[2020.11.14-05.49.06:301][  0]LogConfig: Setting CVar [[r.RHICmdBypass:0]]
[2020.11.14-05.49.06:301][  0]LogConfig: Applying CVar settings from Section [/Script/Engine.RendererSettings] File [C:/Users/Duncan/Documents/GitHub/BlastMage/BlastMageProject/Saved/Config/Windows/Engine.ini]
[2020.11.14-05.49.06:301][  0]LogConfig: Setting CVar [[r.GPUCrashDebugging:0]]
[2020.11.14-05.49.06:301][  0]LogConfig: Applying CVar settings from Section [/Script/Engine.RendererOverrideSettings] File [C:/Users/Duncan/Documents/GitHub/BlastMage/BlastMageProject/Saved/Config/Windows/Engine.ini]
[2020.11.14-05.49.06:301][  0]LogConfig: Applying CVar settings from Section [/Script/Engine.StreamingSettings] File [C:/Users/Duncan/Documents/GitHub/BlastMage/BlastMageProject/Saved/Config/Windows/Engine.ini]
[2020.11.14-05.49.06:301][  0]LogConfig: Setting CVar [[s.MinBulkDataSizeForAsyncLoading:131072]]
[2020.11.14-05.49.06:301][  0]LogConfig: Setting CVar [[s.AsyncLoadingThreadEnabled:0]]
[2020.11.14-05.49.06:301][  0]LogConfig: Setting CVar [[s.EventDrivenLoaderEnabled:1]]
[2020.11.14-05.49.06:301][  0]LogConfig: Setting CVar [[s.WarnIfTimeLimitExceeded:0]]
[2020.11.14-05.49.06:301][  0]LogConfig: Setting CVar [[s.TimeLimitExceededMultiplier:1.5]]
[2020.11.14-05.49.06:301][  0]LogConfig: Setting CVar [[s.TimeLimitExceededMinTime:0.005]]
[2020.11.14-05.49.06:301][  0]LogConfig: Setting CVar [[s.UseBackgroundLevelStreaming:1]]
[2020.11.14-05.49.06:301][  0]LogConfig: Setting CVar [[s.PriorityAsyncLoadingExtraTime:15.0]]
[2020.11.14-05.49.06:301][  0]LogConfig: Setting CVar [[s.LevelStreamingActorsUpdateTimeLimit:5.0]]
[2020.11.14-05.49.06:301][  0]LogConfig: Setting CVar [[s.PriorityLevelStreamingActorsUpdateExtraTime:5.0]]
[2020.11.14-05.49.06:301][  0]LogConfig: Setting CVar [[s.LevelStreamingComponentsRegistrationGranularity:10]]
[2020.11.14-05.49.06:301][  0]LogConfig: Setting CVar [[s.UnregisterComponentsTimeLimit:1.0]]
[2020.11.14-05.49.06:301][  0]LogConfig: Setting CVar [[s.LevelStreamingComponentsUnregistrationGranularity:5]]
[2020.11.14-05.49.06:301][  0]LogConfig: Setting CVar [[s.FlushStreamingOnExit:1]]
[2020.11.14-05.49.06:302][  0]LogConfig: Applying CVar settings from Section [/Script/Engine.GarbageCollectionSettings] File [C:/Users/Duncan/Documents/GitHub/BlastMage/BlastMageProject/Saved/Config/Windows/Engine.ini]
[2020.11.14-05.49.06:302][  0]LogConfig: Setting CVar [[gc.MaxObjectsNotConsideredByGC:1]]
[2020.11.14-05.49.06:302][  0]LogConfig: Setting CVar [[gc.SizeOfPermanentObjectPool:0]]
[2020.11.14-05.49.06:302][  0]LogConfig: Setting CVar [[gc.FlushStreamingOnGC:0]]
[2020.11.14-05.49.06:302][  0]LogConfig: Setting CVar [[gc.NumRetriesBeforeForcingGC:10]]
[2020.11.14-05.49.06:302][  0]LogConfig: Setting CVar [[gc.AllowParallelGC:1]]
[2020.11.14-05.49.06:302][  0]LogConfig: Setting CVar [[gc.TimeBetweenPurgingPendingKillObjects:61.1]]
[2020.11.14-05.49.06:302][  0]LogConfig: Setting CVar [[gc.MaxObjectsInEditor:25165824]]
[2020.11.14-05.49.06:302][  0]LogConfig: Setting CVar [[gc.IncrementalBeginDestroyEnabled:1]]
[2020.11.14-05.49.06:302][  0]LogConfig: Setting CVar [[gc.CreateGCClusters:1]]
[2020.11.14-05.49.06:302][  0]LogConfig: Setting CVar [[gc.MinGCClusterSize:5]]
[2020.11.14-05.49.06:302][  0]LogConfig: Setting CVar [[gc.ActorClusteringEnabled:0]]
[2020.11.14-05.49.06:302][  0]LogConfig: Setting CVar [[gc.BlueprintClusteringEnabled:0]]
[2020.11.14-05.49.06:302][  0]LogConfig: Setting CVar [[gc.UseDisregardForGCOnDedicatedServers:0]]
[2020.11.14-05.49.06:302][  0]LogConfig: Applying CVar settings from Section [/Script/Engine.NetworkSettings] File [C:/Users/Duncan/Documents/GitHub/BlastMage/BlastMageProject/Saved/Config/Windows/Engine.ini]
[2020.11.14-05.49.06:302][  0]LogConfig: Applying CVar settings from Section [/Script/UnrealEd.CookerSettings] File [C:/Users/Duncan/Documents/GitHub/BlastMage/BlastMageProject/Saved/Config/Windows/Engine.ini]
[2020.11.14-05.49.06:309][  0]LogConfig: Applying CVar settings from Section [ViewDistanceQuality@3] File [C:/Users/Duncan/Documents/GitHub/BlastMage/BlastMageProject/Saved/Config/Windows/Scalability.ini]
[2020.11.14-05.49.06:309][  0]LogConfig: Setting CVar [[r.SkeletalMeshLODBias:0]]
[2020.11.14-05.49.06:309][  0]LogConfig: Setting CVar [[r.ViewDistanceScale:1.0]]
[2020.11.14-05.49.06:309][  0]LogConfig: Applying CVar settings from Section [AntiAliasingQuality@3] File [C:/Users/Duncan/Documents/GitHub/BlastMage/BlastMageProject/Saved/Config/Windows/Scalability.ini]
[2020.11.14-05.49.06:309][  0]LogConfig: Setting CVar [[r.PostProcessAAQuality:4]]
[2020.11.14-05.49.06:309][  0]LogConfig: Applying CVar settings from Section [ShadowQuality@3] File [C:/Users/Duncan/Documents/GitHub/BlastMage/BlastMageProject/Saved/Config/Windows/Scalability.ini]
[2020.11.14-05.49.06:309][  0]LogConfig: Setting CVar [[r.LightFunctionQuality:1]]
[2020.11.14-05.49.06:309][  0]LogConfig: Setting CVar [[r.ShadowQuality:5]]
[2020.11.14-05.49.06:309][  0]LogConfig: Setting CVar [[r.Shadow.CSM.MaxCascades:10]]
[2020.11.14-05.49.06:309][  0]LogConfig: Setting CVar [[r.Shadow.MaxResolution:2048]]
[2020.11.14-05.49.06:309][  0]LogConfig: Setting CVar [[r.Shadow.MaxCSMResolution:2048]]
[2020.11.14-05.49.06:309][  0]LogConfig: Setting CVar [[r.Shadow.RadiusThreshold:0.01]]
[2020.11.14-05.49.06:309][  0]LogConfig: Setting CVar [[r.Shadow.DistanceScale:1.0]]
[2020.11.14-05.49.06:309][  0]LogConfig: Setting CVar [[r.Shadow.CSM.TransitionScale:1.0]]
[2020.11.14-05.49.06:309][  0]LogConfig: Setting CVar [[r.Shadow.PreShadowResolutionFactor:1.0]]
[2020.11.14-05.49.06:309][  0]LogConfig: Setting CVar [[r.DistanceFieldShadowing:1]]
[2020.11.14-05.49.06:309][  0]LogConfig: Setting CVar [[r.DistanceFieldAO:1]]
[2020.11.14-05.49.06:309][  0]LogConfig: Setting CVar [[r.AOQuality:2]]
[2020.11.14-05.49.06:309][  0]LogConfig: Setting CVar [[r.VolumetricFog:1]]
[2020.11.14-05.49.06:309][  0]LogConfig: Setting CVar [[r.VolumetricFog.GridPixelSize:8]]
[2020.11.14-05.49.06:309][  0]LogConfig: Setting CVar [[r.VolumetricFog.GridSizeZ:128]]
[2020.11.14-05.49.06:309][  0]LogConfig: Setting CVar [[r.VolumetricFog.HistoryMissSupersampleCount:4]]
[2020.11.14-05.49.06:309][  0]LogConfig: Setting CVar [[r.LightMaxDrawDistanceScale:1]]
[2020.11.14-05.49.06:309][  0]LogConfig: Setting CVar [[r.CapsuleShadows:1]]
[2020.11.14-05.49.06:309][  0]LogConfig: Applying CVar settings from Section [PostProcessQuality@3] File [C:/Users/Duncan/Documents/GitHub/BlastMage/BlastMageProject/Saved/Config/Windows/Scalability.ini]
[2020.11.14-05.49.06:309][  0]LogConfig: Setting CVar [[r.MotionBlurQuality:4]]
[2020.11.14-05.49.06:309][  0]LogConfig: Setting CVar [[r.AmbientOcclusionMipLevelFactor:0.4]]
[2020.11.14-05.49.06:309][  0]LogConfig: Setting CVar [[r.AmbientOcclusionMaxQuality:100]]
[2020.11.14-05.49.06:309][  0]LogConfig: Setting CVar [[r.AmbientOcclusionLevels:-1]]
[2020.11.14-05.49.06:309][  0]LogConfig: Setting CVar [[r.AmbientOcclusionRadiusScale:1.0]]
[2020.11.14-05.49.06:309][  0]LogConfig: Setting CVar [[r.DepthOfFieldQuality:2]]
[2020.11.14-05.49.06:309][  0]LogConfig: Setting CVar [[r.RenderTargetPoolMin:400]]
[2020.11.14-05.49.06:309][  0]LogConfig: Setting CVar [[r.LensFlareQuality:2]]
[2020.11.14-05.49.06:309][  0]LogConfig: Setting CVar [[r.SceneColorFringeQuality:1]]
[2020.11.14-05.49.06:309][  0]LogConfig: Setting CVar [[r.EyeAdaptationQuality:2]]
[2020.11.14-05.49.06:309][  0]LogConfig: Setting CVar [[r.BloomQuality:5]]
[2020.11.14-05.49.06:309][  0]LogConfig: Setting CVar [[r.FastBlurThreshold:100]]
[2020.11.14-05.49.06:309][  0]LogConfig: Setting CVar [[r.Upscale.Quality:3]]
[2020.11.14-05.49.06:309][  0]LogConfig: Setting CVar [[r.Tonemapper.GrainQuantization:1]]
[2020.11.14-05.49.06:309][  0]LogConfig: Setting CVar [[r.LightShaftQuality:1]]
[2020.11.14-05.49.06:310][  0]LogConfig: Setting CVar [[r.Filter.SizeScale:1]]
[2020.11.14-05.49.06:310][  0]LogConfig: Setting CVar [[r.Tonemapper.Quality:5]]
[2020.11.14-05.49.06:310][  0]LogConfig: Setting CVar [[r.DOF.Gather.AccumulatorQuality:1        ; higher gathering accumulator quality]]
[2020.11.14-05.49.06:310][  0]LogConfig: Setting CVar [[r.DOF.Gather.PostfilterMethod:1          ; Median3x3 postfilering method]]
[2020.11.14-05.49.06:310][  0]LogConfig: Setting CVar [[r.DOF.Gather.EnableBokehSettings:0       ; no bokeh simulation when gathering]]
[2020.11.14-05.49.06:310][  0]LogConfig: Setting CVar [[r.DOF.Gather.RingCount:4                 ; medium number of samples when gathering]]
[2020.11.14-05.49.06:310][  0]LogConfig: Setting CVar [[r.DOF.Scatter.ForegroundCompositing:1    ; additive foreground scattering]]
[2020.11.14-05.49.06:310][  0]LogConfig: Setting CVar [[r.DOF.Scatter.BackgroundCompositing:2    ; additive background scattering]]
[2020.11.14-05.49.06:310][  0]LogConfig: Setting CVar [[r.DOF.Scatter.EnableBokehSettings:1      ; bokeh simulation when scattering]]
[2020.11.14-05.49.06:310][  0]LogConfig: Setting CVar [[r.DOF.Scatter.MaxSpriteRatio:0.1         ; only a maximum of 10% of scattered bokeh]]
[2020.11.14-05.49.06:310][  0]LogConfig: Setting CVar [[r.DOF.Recombine.Quality:1                ; cheap slight out of focus]]
[2020.11.14-05.49.06:310][  0]LogConfig: Setting CVar [[r.DOF.Recombine.EnableBokehSettings:0    ; no bokeh simulation on slight out of focus]]
[2020.11.14-05.49.06:310][  0]LogConfig: Setting CVar [[r.DOF.TemporalAAQuality:1                ; more stable temporal accumulation]]
[2020.11.14-05.49.06:310][  0]LogConfig: Setting CVar [[r.DOF.Kernel.MaxForegroundRadius:0.025]]
[2020.11.14-05.49.06:310][  0]LogConfig: Setting CVar [[r.DOF.Kernel.MaxBackgroundRadius:0.025]]
[2020.11.14-05.49.06:310][  0]LogConfig: Applying CVar settings from Section [TextureQuality@3] File [C:/Users/Duncan/Documents/GitHub/BlastMage/BlastMageProject/Saved/Config/Windows/Scalability.ini]
[2020.11.14-05.49.06:310][  0]LogConfig: Setting CVar [[r.Streaming.MipBias:0]]
[2020.11.14-05.49.06:310][  0]LogConfig: Setting CVar [[r.Streaming.AmortizeCPUToGPUCopy:0]]
[2020.11.14-05.49.06:310][  0]LogConfig: Setting CVar [[r.Streaming.MaxNumTexturesToStreamPerFrame:0]]
[2020.11.14-05.49.06:310][  0]LogConfig: Setting CVar [[r.Streaming.Boost:1]]
[2020.11.14-05.49.06:310][  0]LogConfig: Setting CVar [[r.MaxAnisotropy:8]]
[2020.11.14-05.49.06:310][  0]LogConfig: Setting CVar [[r.VT.MaxAnisotropy:8]]
[2020.11.14-05.49.06:310][  0]LogConfig: Setting CVar [[r.Streaming.LimitPoolSizeToVRAM:0]]
[2020.11.14-05.49.06:310][  0]LogConfig: Setting CVar [[r.Streaming.PoolSize:1000]]
[2020.11.14-05.49.06:310][  0]LogConfig: Setting CVar [[r.Streaming.MaxEffectiveScreenSize:0]]
[2020.11.14-05.49.06:310][  0]LogConfig: Applying CVar settings from Section [EffectsQuality@3] File [C:/Users/Duncan/Documents/GitHub/BlastMage/BlastMageProject/Saved/Config/Windows/Scalability.ini]
[2020.11.14-05.49.06:310][  0]LogConfig: Setting CVar [[r.TranslucencyLightingVolumeDim:64]]
[2020.11.14-05.49.06:310][  0]LogConfig: Setting CVar [[r.RefractionQuality:2]]
[2020.11.14-05.49.06:310][  0]LogConfig: Setting CVar [[r.SSR.Quality:3]]
[2020.11.14-05.49.06:310][  0]LogConfig: Setting CVar [[r.SSR.HalfResSceneColor:0]]
[2020.11.14-05.49.06:310][  0]LogConfig: Setting CVar [[r.SceneColorFormat:4]]
[2020.11.14-05.49.06:310][  0]LogConfig: Setting CVar [[r.DetailMode:2]]
[2020.11.14-05.49.06:310][  0]LogConfig: Setting CVar [[r.TranslucencyVolumeBlur:1]]
[2020.11.14-05.49.06:310][  0]LogConfig: Setting CVar [[r.MaterialQualityLevel:1 ; High quality]]
[2020.11.14-05.49.06:310][  0]LogConfig: Setting CVar [[r.SSS.Scale:1]]
[2020.11.14-05.49.06:310][  0]LogConfig: Setting CVar [[r.SSS.SampleSet:2]]
[2020.11.14-05.49.06:310][  0]LogConfig: Setting CVar [[r.SSS.Quality:1]]
[2020.11.14-05.49.06:310][  0]LogConfig: Setting CVar [[r.SSS.HalfRes:0]]
[2020.11.14-05.49.06:310][  0]LogConfig: Setting CVar [[r.SSGI.Quality:3]]
[2020.11.14-05.49.06:310][  0]LogConfig: Setting CVar [[r.EmitterSpawnRateScale:1.0]]
[2020.11.14-05.49.06:310][  0]LogConfig: Setting CVar [[r.ParticleLightQuality:2]]
[2020.11.14-05.49.06:310][  0]LogConfig: Setting CVar [[r.SkyAtmosphere.AerialPerspectiveLUT.FastApplyOnOpaque:1 ; Always have FastSkyLUT 1 in this case to avoid wrong sky]]
[2020.11.14-05.49.06:310][  0]LogConfig: Setting CVar [[r.SkyAtmosphere.AerialPerspectiveLUT.SampleCountPerSlice:1]]
[2020.11.14-05.49.06:310][  0]LogConfig: Setting CVar [[r.SkyAtmosphere.AerialPerspectiveLUT.DepthResolution:16.0]]
[2020.11.14-05.49.06:310][  0]LogConfig: Setting CVar [[r.SkyAtmosphere.FastSkyLUT:1]]
[2020.11.14-05.49.06:310][  0]LogConfig: Setting CVar [[r.SkyAtmosphere.FastSkyLUT.SampleCountMin:4.0]]
[2020.11.14-05.49.06:310][  0]LogConfig: Setting CVar [[r.SkyAtmosphere.FastSkyLUT.SampleCountMax:32.0]]
[2020.11.14-05.49.06:310][  0]LogConfig: Setting CVar [[r.SkyAtmosphere.SampleCountMin:4.0]]
[2020.11.14-05.49.06:310][  0]LogConfig: Setting CVar [[r.SkyAtmosphere.SampleCountMax:32.0]]
[2020.11.14-05.49.06:310][  0]LogConfig: Setting CVar [[r.SkyAtmosphere.TransmittanceLUT.UseSmallFormat:0]]
[2020.11.14-05.49.06:310][  0]LogConfig: Setting CVar [[r.SkyAtmosphere.TransmittanceLUT.SampleCount:10.0]]
[2020.11.14-05.49.06:310][  0]LogConfig: Setting CVar [[r.SkyAtmosphere.MultiScatteringLUT.SampleCount:15.0]]
[2020.11.14-05.49.06:310][  0]LogConfig: Applying CVar settings from Section [FoliageQuality@3] File [C:/Users/Duncan/Documents/GitHub/BlastMage/BlastMageProject/Saved/Config/Windows/Scalability.ini]
[2020.11.14-05.49.06:310][  0]LogConfig: Setting CVar [[foliage.DensityScale:1.0]]
[2020.11.14-05.49.06:310][  0]LogConfig: Setting CVar [[grass.DensityScale:1.0]]
[2020.11.14-05.49.06:310][  0]LogConfig: Applying CVar settings from Section [ShadingQuality@3] File [C:/Users/Duncan/Documents/GitHub/BlastMage/BlastMageProject/Saved/Config/Windows/Scalability.ini]
[2020.11.14-05.49.06:310][  0]LogConfig: Setting CVar [[r.HairStrands.SkyLighting.SampleCount:16]]
[2020.11.14-05.49.06:310][  0]LogConfig: Setting CVar [[r.HairStrands.SkyLighting.JitterIntegration:0]]
[2020.11.14-05.49.06:310][  0]LogConfig: Setting CVar [[r.HairStrands.SkyAO.SampleCount:16]]
[2020.11.14-05.49.06:310][  0]LogConfig: Setting CVar [[r.HairStrands.DeepShadow.SuperSampling:0]]
[2020.11.14-05.49.06:310][  0]LogConfig: Setting CVar [[r.HairStrands.VisibilityPPLL:0]]
[2020.11.14-05.49.06:310][  0]LogConfig: Setting CVar [[r.HairStrands.RasterizationScale:0.5]]
[2020.11.14-05.49.06:310][  0]LogConfig: Setting CVar [[r.HairStrands.VelocityRasterizationScale:1]]
[2020.11.14-05.49.06:310][  0]LogInit: Selected Device Profile: [Windows]
[2020.11.14-05.49.06:310][  0]LogInit: Applying CVar settings loaded from the selected device profile: [Windows]
[2020.11.14-05.49.06:310][  0]LogHAL: Display: Platform has ~ 32 GB [34283847680 / 34359738368 / 32], which maps to Largest [LargestMinGB=32, LargerMinGB=12, DefaultMinGB=8, SmallerMinGB=6, SmallestMinGB=0)
[2020.11.14-05.49.06:311][  0]LogInit: Going up to parent DeviceProfile []
[2020.11.14-05.49.06:311][  0]LogConfig: Applying CVar settings from Section [ViewDistanceQuality@3] File [C:/Users/Duncan/Documents/GitHub/BlastMage/BlastMageProject/Saved/Config/Windows/Scalability.ini]
[2020.11.14-05.49.06:311][  0]LogConfig: Setting CVar [[r.SkeletalMeshLODBias:0]]
[2020.11.14-05.49.06:311][  0]LogConfig: Setting CVar [[r.ViewDistanceScale:1.0]]
[2020.11.14-05.49.06:311][  0]LogConfig: Applying CVar settings from Section [AntiAliasingQuality@3] File [C:/Users/Duncan/Documents/GitHub/BlastMage/BlastMageProject/Saved/Config/Windows/Scalability.ini]
[2020.11.14-05.49.06:311][  0]LogConfig: Setting CVar [[r.PostProcessAAQuality:4]]
[2020.11.14-05.49.06:311][  0]LogConfig: Applying CVar settings from Section [ShadowQuality@3] File [C:/Users/Duncan/Documents/GitHub/BlastMage/BlastMageProject/Saved/Config/Windows/Scalability.ini]
[2020.11.14-05.49.06:311][  0]LogConfig: Setting CVar [[r.LightFunctionQuality:1]]
[2020.11.14-05.49.06:311][  0]LogConfig: Setting CVar [[r.ShadowQuality:5]]
[2020.11.14-05.49.06:311][  0]LogConfig: Setting CVar [[r.Shadow.CSM.MaxCascades:10]]
[2020.11.14-05.49.06:311][  0]LogConfig: Setting CVar [[r.Shadow.MaxResolution:2048]]
[2020.11.14-05.49.06:311][  0]LogConfig: Setting CVar [[r.Shadow.MaxCSMResolution:2048]]
[2020.11.14-05.49.06:311][  0]LogConfig: Setting CVar [[r.Shadow.RadiusThreshold:0.01]]
[2020.11.14-05.49.06:311][  0]LogConfig: Setting CVar [[r.Shadow.DistanceScale:1.0]]
[2020.11.14-05.49.06:311][  0]LogConfig: Setting CVar [[r.Shadow.CSM.TransitionScale:1.0]]
[2020.11.14-05.49.06:311][  0]LogConfig: Setting CVar [[r.Shadow.PreShadowResolutionFactor:1.0]]
[2020.11.14-05.49.06:311][  0]LogConfig: Setting CVar [[r.DistanceFieldShadowing:1]]
[2020.11.14-05.49.06:311][  0]LogConfig: Setting CVar [[r.DistanceFieldAO:1]]
[2020.11.14-05.49.06:311][  0]LogConfig: Setting CVar [[r.AOQuality:2]]
[2020.11.14-05.49.06:311][  0]LogConfig: Setting CVar [[r.VolumetricFog:1]]
[2020.11.14-05.49.06:311][  0]LogConfig: Setting CVar [[r.VolumetricFog.GridPixelSize:8]]
[2020.11.14-05.49.06:311][  0]LogConfig: Setting CVar [[r.VolumetricFog.GridSizeZ:128]]
[2020.11.14-05.49.06:311][  0]LogConfig: Setting CVar [[r.VolumetricFog.HistoryMissSupersampleCount:4]]
[2020.11.14-05.49.06:311][  0]LogConfig: Setting CVar [[r.LightMaxDrawDistanceScale:1]]
[2020.11.14-05.49.06:311][  0]LogConfig: Setting CVar [[r.CapsuleShadows:1]]
[2020.11.14-05.49.06:311][  0]LogConfig: Applying CVar settings from Section [PostProcessQuality@3] File [C:/Users/Duncan/Documents/GitHub/BlastMage/BlastMageProject/Saved/Config/Windows/Scalability.ini]
[2020.11.14-05.49.06:311][  0]LogConfig: Setting CVar [[r.MotionBlurQuality:4]]
[2020.11.14-05.49.06:311][  0]LogConfig: Setting CVar [[r.AmbientOcclusionMipLevelFactor:0.4]]
[2020.11.14-05.49.06:311][  0]LogConfig: Setting CVar [[r.AmbientOcclusionMaxQuality:100]]
[2020.11.14-05.49.06:311][  0]LogConfig: Setting CVar [[r.AmbientOcclusionLevels:-1]]
[2020.11.14-05.49.06:311][  0]LogConfig: Setting CVar [[r.AmbientOcclusionRadiusScale:1.0]]
[2020.11.14-05.49.06:311][  0]LogConfig: Setting CVar [[r.DepthOfFieldQuality:2]]
[2020.11.14-05.49.06:311][  0]LogConfig: Setting CVar [[r.RenderTargetPoolMin:400]]
[2020.11.14-05.49.06:311][  0]LogConfig: Setting CVar [[r.LensFlareQuality:2]]
[2020.11.14-05.49.06:311][  0]LogConfig: Setting CVar [[r.SceneColorFringeQuality:1]]
[2020.11.14-05.49.06:311][  0]LogConfig: Setting CVar [[r.EyeAdaptationQuality:2]]
[2020.11.14-05.49.06:311][  0]LogConfig: Setting CVar [[r.BloomQuality:5]]
[2020.11.14-05.49.06:311][  0]LogConfig: Setting CVar [[r.FastBlurThreshold:100]]
[2020.11.14-05.49.06:311][  0]LogConfig: Setting CVar [[r.Upscale.Quality:3]]
[2020.11.14-05.49.06:311][  0]LogConfig: Setting CVar [[r.Tonemapper.GrainQuantization:1]]
[2020.11.14-05.49.06:311][  0]LogConfig: Setting CVar [[r.LightShaftQuality:1]]
[2020.11.14-05.49.06:311][  0]LogConfig: Setting CVar [[r.Filter.SizeScale:1]]
[2020.11.14-05.49.06:311][  0]LogConfig: Setting CVar [[r.Tonemapper.Quality:5]]
[2020.11.14-05.49.06:311][  0]LogConfig: Setting CVar [[r.DOF.Gather.AccumulatorQuality:1        ; higher gathering accumulator quality]]
[2020.11.14-05.49.06:311][  0]LogConfig: Setting CVar [[r.DOF.Gather.PostfilterMethod:1          ; Median3x3 postfilering method]]
[2020.11.14-05.49.06:311][  0]LogConfig: Setting CVar [[r.DOF.Gather.EnableBokehSettings:0       ; no bokeh simulation when gathering]]
[2020.11.14-05.49.06:311][  0]LogConfig: Setting CVar [[r.DOF.Gather.RingCount:4                 ; medium number of samples when gathering]]
[2020.11.14-05.49.06:311][  0]LogConfig: Setting CVar [[r.DOF.Scatter.ForegroundCompositing:1    ; additive foreground scattering]]
[2020.11.14-05.49.06:311][  0]LogConfig: Setting CVar [[r.DOF.Scatter.BackgroundCompositing:2    ; additive background scattering]]
[2020.11.14-05.49.06:311][  0]LogConfig: Setting CVar [[r.DOF.Scatter.EnableBokehSettings:1      ; bokeh simulation when scattering]]
[2020.11.14-05.49.06:311][  0]LogConfig: Setting CVar [[r.DOF.Scatter.MaxSpriteRatio:0.1         ; only a maximum of 10% of scattered bokeh]]
[2020.11.14-05.49.06:311][  0]LogConfig: Setting CVar [[r.DOF.Recombine.Quality:1                ; cheap slight out of focus]]
[2020.11.14-05.49.06:311][  0]LogConfig: Setting CVar [[r.DOF.Recombine.EnableBokehSettings:0    ; no bokeh simulation on slight out of focus]]
[2020.11.14-05.49.06:311][  0]LogConfig: Setting CVar [[r.DOF.TemporalAAQuality:1                ; more stable temporal accumulation]]
[2020.11.14-05.49.06:311][  0]LogConfig: Setting CVar [[r.DOF.Kernel.MaxForegroundRadius:0.025]]
[2020.11.14-05.49.06:311][  0]LogConfig: Setting CVar [[r.DOF.Kernel.MaxBackgroundRadius:0.025]]
[2020.11.14-05.49.06:311][  0]LogConfig: Applying CVar settings from Section [TextureQuality@3] File [C:/Users/Duncan/Documents/GitHub/BlastMage/BlastMageProject/Saved/Config/Windows/Scalability.ini]
[2020.11.14-05.49.06:311][  0]LogConfig: Setting CVar [[r.Streaming.MipBias:0]]
[2020.11.14-05.49.06:311][  0]LogConfig: Setting CVar [[r.Streaming.AmortizeCPUToGPUCopy:0]]
[2020.11.14-05.49.06:311][  0]LogConfig: Setting CVar [[r.Streaming.MaxNumTexturesToStreamPerFrame:0]]
[2020.11.14-05.49.06:311][  0]LogConfig: Setting CVar [[r.Streaming.Boost:1]]
[2020.11.14-05.49.06:311][  0]LogConfig: Setting CVar [[r.MaxAnisotropy:8]]
[2020.11.14-05.49.06:311][  0]LogConfig: Setting CVar [[r.VT.MaxAnisotropy:8]]
[2020.11.14-05.49.06:311][  0]LogConfig: Setting CVar [[r.Streaming.LimitPoolSizeToVRAM:0]]
[2020.11.14-05.49.06:311][  0]LogConfig: Setting CVar [[r.Streaming.PoolSize:1000]]
[2020.11.14-05.49.06:311][  0]LogConfig: Setting CVar [[r.Streaming.MaxEffectiveScreenSize:0]]
[2020.11.14-05.49.06:311][  0]LogConfig: Applying CVar settings from Section [EffectsQuality@3] File [C:/Users/Duncan/Documents/GitHub/BlastMage/BlastMageProject/Saved/Config/Windows/Scalability.ini]
[2020.11.14-05.49.06:311][  0]LogConfig: Setting CVar [[r.TranslucencyLightingVolumeDim:64]]
[2020.11.14-05.49.06:311][  0]LogConfig: Setting CVar [[r.RefractionQuality:2]]
[2020.11.14-05.49.06:312][  0]LogConfig: Setting CVar [[r.SSR.Quality:3]]
[2020.11.14-05.49.06:312][  0]LogConfig: Setting CVar [[r.SSR.HalfResSceneColor:0]]
[2020.11.14-05.49.06:312][  0]LogConfig: Setting CVar [[r.SceneColorFormat:4]]
[2020.11.14-05.49.06:312][  0]LogConfig: Setting CVar [[r.DetailMode:2]]
[2020.11.14-05.49.06:312][  0]LogConfig: Setting CVar [[r.TranslucencyVolumeBlur:1]]
[2020.11.14-05.49.06:312][  0]LogConfig: Setting CVar [[r.MaterialQualityLevel:1 ; High quality]]
[2020.11.14-05.49.06:312][  0]LogConfig: Setting CVar [[r.SSS.Scale:1]]
[2020.11.14-05.49.06:312][  0]LogConfig: Setting CVar [[r.SSS.SampleSet:2]]
[2020.11.14-05.49.06:312][  0]LogConfig: Setting CVar [[r.SSS.Quality:1]]
[2020.11.14-05.49.06:312][  0]LogConfig: Setting CVar [[r.SSS.HalfRes:0]]
[2020.11.14-05.49.06:312][  0]LogConfig: Setting CVar [[r.SSGI.Quality:3]]
[2020.11.14-05.49.06:312][  0]LogConfig: Setting CVar [[r.EmitterSpawnRateScale:1.0]]
[2020.11.14-05.49.06:312][  0]LogConfig: Setting CVar [[r.ParticleLightQuality:2]]
[2020.11.14-05.49.06:312][  0]LogConfig: Setting CVar [[r.SkyAtmosphere.AerialPerspectiveLUT.FastApplyOnOpaque:1 ; Always have FastSkyLUT 1 in this case to avoid wrong sky]]
[2020.11.14-05.49.06:312][  0]LogConfig: Setting CVar [[r.SkyAtmosphere.AerialPerspectiveLUT.SampleCountPerSlice:1]]
[2020.11.14-05.49.06:312][  0]LogConfig: Setting CVar [[r.SkyAtmosphere.AerialPerspectiveLUT.DepthResolution:16.0]]
[2020.11.14-05.49.06:312][  0]LogConfig: Setting CVar [[r.SkyAtmosphere.FastSkyLUT:1]]
[2020.11.14-05.49.06:312][  0]LogConfig: Setting CVar [[r.SkyAtmosphere.FastSkyLUT.SampleCountMin:4.0]]
[2020.11.14-05.49.06:312][  0]LogConfig: Setting CVar [[r.SkyAtmosphere.FastSkyLUT.SampleCountMax:32.0]]
[2020.11.14-05.49.06:312][  0]LogConfig: Setting CVar [[r.SkyAtmosphere.SampleCountMin:4.0]]
[2020.11.14-05.49.06:312][  0]LogConfig: Setting CVar [[r.SkyAtmosphere.SampleCountMax:32.0]]
[2020.11.14-05.49.06:312][  0]LogConfig: Setting CVar [[r.SkyAtmosphere.TransmittanceLUT.UseSmallFormat:0]]
[2020.11.14-05.49.06:312][  0]LogConfig: Setting CVar [[r.SkyAtmosphere.TransmittanceLUT.SampleCount:10.0]]
[2020.11.14-05.49.06:312][  0]LogConfig: Setting CVar [[r.SkyAtmosphere.MultiScatteringLUT.SampleCount:15.0]]
[2020.11.14-05.49.06:312][  0]LogConfig: Applying CVar settings from Section [FoliageQuality@3] File [C:/Users/Duncan/Documents/GitHub/BlastMage/BlastMageProject/Saved/Config/Windows/Scalability.ini]
[2020.11.14-05.49.06:312][  0]LogConfig: Setting CVar [[foliage.DensityScale:1.0]]
[2020.11.14-05.49.06:312][  0]LogConfig: Setting CVar [[grass.DensityScale:1.0]]
[2020.11.14-05.49.06:312][  0]LogConfig: Applying CVar settings from Section [ShadingQuality@3] File [C:/Users/Duncan/Documents/GitHub/BlastMage/BlastMageProject/Saved/Config/Windows/Scalability.ini]
[2020.11.14-05.49.06:312][  0]LogConfig: Setting CVar [[r.HairStrands.SkyLighting.SampleCount:16]]
[2020.11.14-05.49.06:312][  0]LogConfig: Setting CVar [[r.HairStrands.SkyLighting.JitterIntegration:0]]
[2020.11.14-05.49.06:312][  0]LogConfig: Setting CVar [[r.HairStrands.SkyAO.SampleCount:16]]
[2020.11.14-05.49.06:312][  0]LogConfig: Setting CVar [[r.HairStrands.DeepShadow.SuperSampling:0]]
[2020.11.14-05.49.06:312][  0]LogConfig: Setting CVar [[r.HairStrands.VisibilityPPLL:0]]
[2020.11.14-05.49.06:312][  0]LogConfig: Setting CVar [[r.HairStrands.RasterizationScale:0.5]]
[2020.11.14-05.49.06:312][  0]LogConfig: Setting CVar [[r.HairStrands.VelocityRasterizationScale:1]]
[2020.11.14-05.49.06:312][  0]LogConfig: Applying CVar settings from Section [Startup] File [../../../Engine/Config/ConsoleVariables.ini]
[2020.11.14-05.49.06:313][  0]LogConfig: Setting CVar [[net.UseAdaptiveNetUpdateFrequency:0]]
[2020.11.14-05.49.06:313][  0]LogConfig: Setting CVar [[p.chaos.AllowCreatePhysxBodies:1]]
[2020.11.14-05.49.06:313][  0]LogConfig: Setting CVar [[fx.SkipVectorVMBackendOptimizations:1]]
[2020.11.14-05.49.06:313][  0]LogConfig: Applying CVar settings from Section [ConsoleVariables] File [C:/Users/Duncan/Documents/GitHub/BlastMage/BlastMageProject/Saved/Config/Windows/Engine.ini]
[2020.11.14-05.49.06:313][  0]LogInit: Computer: IRON-DRAKE
[2020.11.14-05.49.06:313][  0]LogInit: User: Duncan
[2020.11.14-05.49.06:313][  0]LogInit: CPU Page size=4096, Cores=8
[2020.11.14-05.49.06:313][  0]LogInit: High frequency timer resolution =10.000000 MHz
[2020.11.14-05.49.06:313][  0]LogMemory: Memory total: Physical=31.9GB (32GB approx)
[2020.11.14-05.49.06:313][  0]LogMemory: Platform Memory Stats for Windows
[2020.11.14-05.49.06:313][  0]LogMemory: Process Physical Memory: 119.13 MB used, 119.14 MB peak
[2020.11.14-05.49.06:313][  0]LogMemory: Process Virtual Memory: 102.03 MB used, 102.03 MB peak
[2020.11.14-05.49.06:313][  0]LogMemory: Physical Memory: 12700.15 MB used,  19995.48 MB free, 32695.63 MB total
[2020.11.14-05.49.06:313][  0]LogMemory: Virtual Memory: 5226.23 MB used,  134212504.00 MB free, 134217728.00 MB total
[2020.11.14-05.49.06:320][  0]LogWindows: WindowsPlatformFeatures enabled
[2020.11.14-05.49.06:382][  0]LogInit: Physics initialised using underlying interface: PhysX
[2020.11.14-05.49.06:383][  0]LogInit: Using OS detected language (en-US).
[2020.11.14-05.49.06:383][  0]LogInit: Using OS detected locale (en-US).
[2020.11.14-05.49.06:385][  0]LogTextLocalizationManager: No specific localization for 'en-US' exists, so the 'en' localization will be used.
[2020.11.14-05.49.06:608][  0]LogInit: Setting process to per monitor DPI aware
[2020.11.14-05.49.06:683][  0]LogSlate: New Slate User Created.  User Index 0, Is Virtual User: 0
[2020.11.14-05.49.06:683][  0]LogSlate: Slate User Registered.  User Index 0, Is Virtual User: 0
[2020.11.14-05.49.06:844][  0]LogHMD: Failed to initialize OpenVR with code 110
[2020.11.14-05.49.06:844][  0]LogD3D11RHI: D3D11 min allowed feature level: 11_0
[2020.11.14-05.49.06:844][  0]LogD3D11RHI: D3D11 max allowed feature level: 11_0
[2020.11.14-05.49.06:844][  0]LogD3D11RHI: D3D11 adapters:
[2020.11.14-05.49.06:935][  0]LogD3D11RHI:    0. 'NVIDIA GeForce GTX 1660 Ti' (Feature Level 11_0)
[2020.11.14-05.49.06:935][  0]LogD3D11RHI:       5991/0/16347 MB DedicatedVideo/DedicatedSystem/SharedSystem, Outputs:1, VendorId:0x10de
[2020.11.14-05.49.07:011][  0]LogD3D11RHI:    1. 'NVIDIA GeForce GTX 1050 Ti' (Feature Level 11_0)
[2020.11.14-05.49.07:011][  0]LogD3D11RHI:       4018/0/16347 MB DedicatedVideo/DedicatedSystem/SharedSystem, Outputs:2, VendorId:0x10de
[2020.11.14-05.49.07:014][  0]LogD3D11RHI:    2. 'Microsoft Basic Render Driver' (Feature Level 11_0)
[2020.11.14-05.49.07:014][  0]LogD3D11RHI:       0/0/16347 MB DedicatedVideo/DedicatedSystem/SharedSystem, Outputs:0, VendorId:0x1414
[2020.11.14-05.49.07:014][  0]LogD3D11RHI: Chosen D3D11 Adapter: 0
[2020.11.14-05.49.07:028][  0]LogD3D11RHI: Creating new Direct3DDevice
[2020.11.14-05.49.07:028][  0]LogD3D11RHI:     GPU DeviceId: 0x2182 (for the marketing name, search the web for "GPU Device Id")
[2020.11.14-05.49.07:028][  0]LogWindows: EnumDisplayDevices:
[2020.11.14-05.49.07:028][  0]LogWindows:    0. 'NVIDIA GeForce GTX 1050 Ti' (P:0 D:1)
[2020.11.14-05.49.07:029][  0]LogWindows:    1. 'NVIDIA GeForce GTX 1050 Ti' (P:0 D:1)
[2020.11.14-05.49.07:029][  0]LogWindows:    2. 'NVIDIA GeForce GTX 1050 Ti' (P:0 D:0)
[2020.11.14-05.49.07:029][  0]LogWindows:    3. 'NVIDIA GeForce GTX 1050 Ti' (P:0 D:0)
[2020.11.14-05.49.07:030][  0]LogWindows:    4. 'NVIDIA GeForce GTX 1660 Ti' (P:1 D:1)
[2020.11.14-05.49.07:030][  0]LogWindows:    5. 'NVIDIA GeForce GTX 1660 Ti' (P:0 D:0)
[2020.11.14-05.49.07:030][  0]LogWindows:    6. 'NVIDIA GeForce GTX 1660 Ti' (P:0 D:0)
[2020.11.14-05.49.07:030][  0]LogWindows:    7. 'NVIDIA GeForce GTX 1660 Ti' (P:0 D:0)
[2020.11.14-05.49.07:031][  0]LogWindows: DebugString: PrimaryIsNotTheChoosenAdapter PrimaryIsNotTheChoosenAdapter PrimaryIsNotTheChoosenAdapter PrimaryIsNotTheChoosenAdapter FoundDriverCount:4 
[2020.11.14-05.49.07:031][  0]LogD3D11RHI:     Adapter Name: NVIDIA GeForce GTX 1660 Ti
[2020.11.14-05.49.07:031][  0]LogD3D11RHI:   Driver Version: 457.09 (internal:27.21.14.5709, unified:457.09)
[2020.11.14-05.49.07:031][  0]LogD3D11RHI:      Driver Date: 10-22-2020
[2020.11.14-05.49.07:031][  0]LogRHI: Texture pool is 4193 MB (70% of 5991 MB)
[2020.11.14-05.49.07:099][  0]LogD3D11RHI: RHI has support for 64 bit atomics
[2020.11.14-05.49.07:101][  0]LogD3D11RHI: [Aftermath] Enabled and primed
[2020.11.14-05.49.07:101][  0]LogD3D11RHI: Async texture creation enabled
[2020.11.14-05.49.07:101][  0]LogD3D11RHI: Array index from any shader is supported
[2020.11.14-05.49.07:127][  0]LogD3D11RHI: GPU Timing Frequency: 1000.000000 (Debug: 2 1)
[2020.11.14-05.49.07:491][  0]LogTargetPlatformManager: Display: Loaded TargetPlatform 'AllDesktop'
[2020.11.14-05.49.07:515][  0]LogTargetPlatformManager: Display: Loaded TargetPlatform 'Android'
[2020.11.14-05.49.07:515][  0]LogTargetPlatformManager: Display: Loaded TargetPlatform 'Android_ASTC'
[2020.11.14-05.49.07:515][  0]LogTargetPlatformManager: Display: Loaded TargetPlatform 'Android_DXT'
[2020.11.14-05.49.07:515][  0]LogTargetPlatformManager: Display: Loaded TargetPlatform 'Android_ETC2'
[2020.11.14-05.49.07:515][  0]LogTargetPlatformManager: Display: Loaded TargetPlatform 'AndroidClient'
[2020.11.14-05.49.07:515][  0]LogTargetPlatformManager: Display: Loaded TargetPlatform 'Android_ASTCClient'
[2020.11.14-05.49.07:515][  0]LogTargetPlatformManager: Display: Loaded TargetPlatform 'Android_DXTClient'
[2020.11.14-05.49.07:515][  0]LogTargetPlatformManager: Display: Loaded TargetPlatform 'Android_ETC2Client'
[2020.11.14-05.49.07:515][  0]LogTargetPlatformManager: Display: Loaded TargetPlatform 'Android_Multi'
[2020.11.14-05.49.07:515][  0]LogTargetPlatformManager: Display: Loaded TargetPlatform 'Android_MultiClient'
[2020.11.14-05.49.07:545][  0]LogTargetPlatformManager: Display: Loaded TargetPlatform 'IOSClient'
[2020.11.14-05.49.07:545][  0]LogTargetPlatformManager: Display: Loaded TargetPlatform 'IOS'
[2020.11.14-05.49.07:559][  0]LogTargetPlatformManager: Display: Loaded TargetPlatform 'Linux'
[2020.11.14-05.49.07:572][  0]LogTargetPlatformManager: Display: Loaded TargetPlatform 'LinuxNoEditor'
[2020.11.14-05.49.07:583][  0]LogTargetPlatformManager: Display: Loaded TargetPlatform 'LinuxClient'
[2020.11.14-05.49.07:594][  0]LogTargetPlatformManager: Display: Loaded TargetPlatform 'LinuxServer'
[2020.11.14-05.49.07:605][  0]LogTargetPlatformManager: Display: Loaded TargetPlatform 'LinuxAArch64NoEditor'
[2020.11.14-05.49.07:616][  0]LogTargetPlatformManager: Display: Loaded TargetPlatform 'LinuxAArch64Client'
[2020.11.14-05.49.07:626][  0]LogTargetPlatformManager: Display: Loaded TargetPlatform 'LinuxAArch64Server'
[2020.11.14-05.49.07:654][  0]LogTargetPlatformManager: Display: Loaded TargetPlatform 'Lumin'
[2020.11.14-05.49.07:654][  0]LogTargetPlatformManager: Display: Loaded TargetPlatform 'LuminClient'
[2020.11.14-05.49.07:671][  0]LogTargetPlatformManager: Display: Loaded TargetPlatform 'TVOSClient'
[2020.11.14-05.49.07:671][  0]LogTargetPlatformManager: Display: Loaded TargetPlatform 'TVOS'
[2020.11.14-05.49.07:682][  0]LogTargetPlatformManager: Display: Loaded TargetPlatform 'WindowsNoEditor'
[2020.11.14-05.49.07:693][  0]LogTargetPlatformManager: Display: Loaded TargetPlatform 'Windows'
[2020.11.14-05.49.07:705][  0]LogTargetPlatformManager: Display: Loaded TargetPlatform 'WindowsClient'
[2020.11.14-05.49.07:716][  0]LogTargetPlatformManager: Display: Loaded TargetPlatform 'WindowsServer'
[2020.11.14-05.49.07:716][  0]LogTargetPlatformManager: Display: Building Assets For Windows
[2020.11.14-05.49.07:727][  0]LogAudioDebug: Display: Lib vorbis DLL was dynamically loaded.
[2020.11.14-05.49.07:816][  0]LogShaderCompilers: Guid format shader working directory is -13 characters bigger than the processId version (C:/Users/Duncan/Documents/GitHub/BlastMage/BlastMageProject/Intermediate/Shaders/WorkingDirectory/24244/).
[2020.11.14-05.49.07:816][  0]LogShaderCompilers: Cleaned the shader compiler working directory 'C:/Users/Duncan/AppData/Local/Temp/UnrealShaderWorkingDir/9F05144349ADBB7F1D2DF892BEE253EE/'.
[2020.11.14-05.49.07:817][  0]LogXGEController: Cannot use XGE Controller as Incredibuild is not installed on this machine.
[2020.11.14-05.49.07:817][  0]LogShaderCompilers: Cannot use XGE Shader Compiler as Incredibuild is not installed on this machine.
[2020.11.14-05.49.07:817][  0]LogShaderCompilers: Display: Using Local Shader Compiler.
[2020.11.14-05.49.08:601][  0]LogDerivedDataCache: Display: Max Cache Size: 512 MB
[2020.11.14-05.49.08:661][  0]LogDerivedDataCache: Loaded boot cache 0.06s 79MB C:/Users/Duncan/AppData/Local/UnrealEngine/4.25/DerivedDataCache/Boot.ddc.
[2020.11.14-05.49.08:662][  0]LogDerivedDataCache: Display: Loaded Boot cache: C:/Users/Duncan/AppData/Local/UnrealEngine/4.25/DerivedDataCache/Boot.ddc
[2020.11.14-05.49.08:662][  0]LogDerivedDataCache: FDerivedDataBackendGraph:  Pak pak cache file C:/Users/Duncan/Documents/GitHub/BlastMage/BlastMageProject/DerivedDataCache/DDC.ddp not found, will not use a pak cache.
[2020.11.14-05.49.08:662][  0]LogDerivedDataCache: Unable to find inner node Pak for hierarchical cache Hierarchy.
[2020.11.14-05.49.08:662][  0]LogDerivedDataCache: FDerivedDataBackendGraph:  CompressedPak pak cache file C:/Users/Duncan/Documents/GitHub/BlastMage/BlastMageProject/DerivedDataCache/Compressed.ddp not found, will not use a pak cache.
[2020.11.14-05.49.08:662][  0]LogDerivedDataCache: Unable to find inner node CompressedPak for hierarchical cache Hierarchy.
[2020.11.14-05.49.08:673][  0]LogDerivedDataCache: Display: Pak cache opened for reading ../../../Engine/DerivedDataCache/Compressed.ddp.
[2020.11.14-05.49.08:673][  0]LogDerivedDataCache: FDerivedDataBackendGraph:  EnterprisePak pak cache file ../../../Enterprise/DerivedDataCache/Compressed.ddp not found, will not use a pak cache.
[2020.11.14-05.49.08:673][  0]LogDerivedDataCache: Unable to find inner node EnterprisePak for hierarchical cache Hierarchy.
[2020.11.14-05.49.08:675][  0]LogDerivedDataCache: Using Local data cache path C:/Users/Duncan/AppData/Local/UnrealEngine/Common/DerivedDataCache: Writable
[2020.11.14-05.49.08:675][  0]LogDerivedDataCache: Shared data cache path not found in *engine.ini, will not use an Shared cache.
[2020.11.14-05.49.08:675][  0]LogDerivedDataCache: Unable to find inner node Shared for hierarchical cache Hierarchy.
[2020.11.14-05.49.08:725][  0]LogSlate: Using FreeType 2.10.0
[2020.11.14-05.49.08:726][  0]LogSlate: SlateFontServices - WITH_FREETYPE: 1, WITH_HARFBUZZ: 1
[2020.11.14-05.49.08:753][  0]LogAssetRegistry: FAssetRegistry took 0.0029 seconds to start up
[2020.11.14-05.49.09:039][  0]LogInit: Selected Device Profile: [Windows]
[2020.11.14-05.49.09:169][  0]LogMeshReduction: Using QuadricMeshReduction for automatic static mesh reduction
[2020.11.14-05.49.09:169][  0]LogMeshReduction: Using SimplygonMeshReduction for automatic skeletal mesh reduction
[2020.11.14-05.49.09:169][  0]LogMeshReduction: Using ProxyLODMeshReduction for automatic mesh merging
[2020.11.14-05.49.09:169][  0]LogMeshReduction: No distributed automatic mesh merging module available
[2020.11.14-05.49.09:169][  0]LogMeshMerging: No distributed automatic mesh merging module available
[2020.11.14-05.49.09:195][  0]LogNetVersion: BlastMageProject 1.0.0, NetCL: 13144385, EngineNetVer: 14, GameNetVer: 0 (Checksum: 3112706182)
[2020.11.14-05.49.09:622][  0]LogAISub: UAISubsystem::UAISubsystem AISubsystem (000001EBC8898E00), frame # 0
[2020.11.14-05.49.09:622][  0]LogAISub: UAISubsystem::UAISubsystem AIPerceptionSystem (000001EBC87DCE00), frame # 0
[2020.11.14-05.49.09:623][  0]LogAISub: UAISubsystem::UAISubsystem EnvQueryManager (000001EBC884CA00), frame # 0
[2020.11.14-05.49.09:731][  0]LogPackageLocalizationCache: Processed 19 localized package path(s) for 1 prioritized culture(s) in 0.098446 seconds
[2020.11.14-05.49.09:739][  0]LogUObjectArray: 15917 objects as part of root set at end of initial load.
[2020.11.14-05.49.09:739][  0]LogUObjectAllocator: 3965568 out of 0 bytes used by permanent object pool.
[2020.11.14-05.49.09:739][  0]LogUObjectArray: CloseDisregardForGC: 0/0 objects in disregard for GC pool
[2020.11.14-05.49.10:195][  0]LogTcpMessaging: Initializing TcpMessaging bridge
[2020.11.14-05.49.10:201][  0]LogUdpMessaging: Initializing bridge on interface 0.0.0.0:0 to multicast group 230.0.0.1:6666.
[2020.11.14-05.49.10:267][  0]LogLinker: Warning: Failed to load '/Game/ThirdPersonBP/ThirdPersonOverview': Can't find file.
[2020.11.14-05.49.10:268][  0]LogLinker: Warning: Failed to load '/Game/ThirdPersonBP/ThirdPersonOverview': Can't find file.
[2020.11.14-05.49.10:268][  0]LogUObjectGlobals: Warning: Failed to find object 'Class /Game/ThirdPersonBP/ThirdPersonOverview.ThirdPersonOverview_C'
[2020.11.14-05.49.10:330][  0]SourceControl: Source control is disabled
[2020.11.14-05.49.11:257][  0]LogAndroidPermission: UAndroidPermissionCallbackProxy::GetInstance
[2020.11.14-05.49.11:284][  0]LogAudioCaptureCore: Display: No Audio Capture implementations found. Audio input will be silent.
[2020.11.14-05.49.11:284][  0]LogAudioCaptureCore: Display: No Audio Capture implementations found. Audio input will be silent.
[2020.11.14-05.49.11:345][  0]LogOcInput: OculusInput pre-init called
[2020.11.14-05.49.11:590][  0]LogEngine: Initializing Engine...
[2020.11.14-05.49.11:592][  0]LogHMD: Failed to initialize OpenVR with code 110
[2020.11.14-05.49.11:592][  0]LogMagicLeap: Warning: VR disabled because ZI is not enabled.  To enable, in the editor, Edit -> Project Settings -> Plugins -> Magic Leap Plugin -> Enable Zero Iteration
[2020.11.14-05.49.11:593][  0]LogStats: UGameplayTagsManager::InitializeManager -  0.000 s
[2020.11.14-05.49.11:721][  0]LogInit: Initializing FReadOnlyCVARCache
[2020.11.14-05.49.11:731][  0]LogAIModule: Creating AISystem for world Untitled
[2020.11.14-05.49.11:731][  0]LogAISub: UAISubsystem::UAISubsystem EnvQueryManager (000001EBD3F6A000), frame # 0
[2020.11.14-05.49.11:731][  0]LogAISub: UAISubsystem::UAISubsystem AIPerceptionSystem (000001EBD3F987C0), frame # 0
[2020.11.14-05.49.11:752][  0]LogAudioMixer: Display: Audio Mixer Platform Settings:
[2020.11.14-05.49.11:752][  0]LogAudioMixer: Display: 	Sample Rate:						  48000
[2020.11.14-05.49.11:752][  0]LogAudioMixer: Display: 	Callback Buffer Frame Size Requested: 1024
[2020.11.14-05.49.11:752][  0]LogAudioMixer: Display: 	Callback Buffer Frame Size To Use:	  1024
[2020.11.14-05.49.11:752][  0]LogAudioMixer: Display: 	Number of buffers to queue:			  2
[2020.11.14-05.49.11:752][  0]LogAudioMixer: Display: 	Max Channels (voices):				  32
[2020.11.14-05.49.11:752][  0]LogAudioMixer: Display: 	Number of Async Source Workers:		  0
[2020.11.14-05.49.11:752][  0]LogAudio: Display: AudioDevice MaxSources: 32
[2020.11.14-05.49.11:752][  0]LogAudio: Display: Using built-in audio occlusion.
[2020.11.14-05.49.11:752][  0]LogAudioMixer: Display: Initializing audio mixer.
[2020.11.14-05.49.11:769][  0]LogAudioMixer: Display: 0: FrontLeft
[2020.11.14-05.49.11:769][  0]LogAudioMixer: Display: 1: FrontRight
[2020.11.14-05.49.11:825][  0]LogAudioMixer: Display: Using Audio Device Speakers (Razer Kraken TE - Game)
[2020.11.14-05.49.11:829][  0]LogAudioMixer: Display: Initializing Sound Submixes...
[2020.11.14-05.49.11:832][  0]LogAudioMixer: Display: Creating Master Submix 'MasterSubmixDefault'
[2020.11.14-05.49.11:832][  0]LogAudioMixer: Display: Creating Master Submix 'MasterReverbSubmixDefault'
[2020.11.14-05.49.11:833][  0]LogAudioMixer: Display: Creating Master Submix 'MasterEQSubmixDefault'
[2020.11.14-05.49.11:834][  0]LogInit: FAudioDevice initialized.
[2020.11.14-05.49.11:835][  0]LogNetVersion: Set ProjectVersion to 1.0.0.0. Version Checksum will be recalculated on next use.
[2020.11.14-05.49.11:905][  0]LogDerivedDataCache: Saved boot cache 0.07s 79MB C:/Users/Duncan/AppData/Local/UnrealEngine/4.25/DerivedDataCache/Boot.ddc.
[2020.11.14-05.49.11:910][  0]LogInit: Texture streaming: Enabled
[2020.11.14-05.49.11:934][  0]LogEngineSessionManager: EngineSessionManager initialized
[2020.11.14-05.49.11:934][  0]LogEditorSessionSummary: Verbose: Initializing EditorSessionSummaryWriter for editor session tracking
[2020.11.14-05.49.11:935][  0]LogEditorSessionSummary: EditorSessionSummaryWriter initialized
[2020.11.14-05.49.12:015][  0]LogInit: Transaction tracking system initialized
[2020.11.14-05.49.12:047][  0]BlueprintLog: New page: Editor Load
[2020.11.14-05.49.12:144][  0]LocalizationService: Localization service is disabled
[2020.11.14-05.49.12:331][  0]LogCook: Display: Max memory allowance for cook 16384mb min free memory 0mb
[2020.11.14-05.49.12:331][  0]LogCook: Display: Mobile HDR setting 1
[2020.11.14-05.49.12:432][  0]LogFileCache: Scanning file cache for directory 'C:/Users/Duncan/Documents/GitHub/BlastMage/BlastMageProject/Content/' took 0.02s
[2020.11.14-05.49.12:659][  0]LogUnrealEdMisc: Loading editor; pre map load, took 8.447
[2020.11.14-05.49.12:659][  0]Cmd: MAP LOAD FILE="C:/Users/Duncan/Documents/GitHub/BlastMage/BlastMageProject/Content/Gameplay/Maps/TEST_MAP.umap" TEMPLATE=0 SHOWPROGRESS=1 FEATURELEVEL=3
[2020.11.14-05.49.12:666][  0]LightingResults: New page: Lighting Build
[2020.11.14-05.49.12:667][  0]LogWorld: UWorld::CleanupWorld for Untitled, bSessionEnded=true, bCleanupResources=true
[2020.11.14-05.49.12:667][  0]LogSlate: InvalidateAllWidgets triggered.  All widgets were invalidated
[2020.11.14-05.49.12:667][  0]MapCheck: New page: Map Check
[2020.11.14-05.49.12:667][  0]LightingResults: New page: Lighting Build
[2020.11.14-05.49.12:705][  0]LogAISub: UAISubsystem::~UAISubsystem EnvQueryManager (000001EBD3F6A000), frame # 0
[2020.11.14-05.49.12:705][  0]LogAISub: UAISubsystem::~UAISubsystem AIPerceptionSystem (000001EBD3F987C0), frame # 0
[2020.11.14-05.49.12:706][  0]LogUObjectHash: Compacting FUObjectHashTables data took   0.69ms
[2020.11.14-05.49.14:275][  0]LogTexture: Display: Building textures: cannnnnnnon_initialShadingGroup_metalnessmask (BGRA8, 2048X2048)
[2020.11.14-05.49.14:275][  0]LogTexture: Display: Building textures: Cannon_Base_witj_Wheels_initialShadingGroup_specexp (BGRA8, 2048X2048)
[2020.11.14-05.49.14:275][  0]LogTexture: Display: Building textures: cannnnnnnon_initialShadingGroup_color (AutoDXT, 2048X2048)
[2020.11.14-05.49.14:275][  0]LogTexture: Display: Building textures: Cannon_Base_witj_Wheels_initialShadingGroup_color (AutoDXT, 2048X2048)
[2020.11.14-05.49.14:275][  0]LogMaterial: Display: Missing cached shader map for material canon_base, compiling. 
[2020.11.14-05.49.14:323][  0]LogShaderCompilers: Display: Worker (1/13): shaders left to compile 15
[2020.11.14-05.49.14:323][  0]LogShaderCompilers: Display: Worker (2/13): shaders left to compile 13
[2020.11.14-05.49.14:323][  0]LogShaderCompilers: Display: Worker (3/13): shaders left to compile 11
[2020.11.14-05.49.14:323][  0]LogShaderCompilers: Display: Worker (4/13): shaders left to compile 9
[2020.11.14-05.49.14:323][  0]LogShaderCompilers: Display: Worker (5/13): shaders left to compile 7
[2020.11.14-05.49.14:323][  0]LogShaderCompilers: Display: Worker (6/13): shaders left to compile 5
[2020.11.14-05.49.14:323][  0]LogShaderCompilers: Display: Worker (7/13): shaders left to compile 3
[2020.11.14-05.49.14:323][  0]LogShaderCompilers: Display: Worker (8/13): shaders left to compile 1
[2020.11.14-05.49.14:323][  0]LogMaterial: Display: Missing cached shader map for material canon, compiling. 
[2020.11.14-05.49.14:332][  0]LogStaticMesh: Building static mesh cannon...
[2020.11.14-05.49.14:442][  0]LogStaticMesh: Built static mesh [0.11s] /Game/Meshes/cannon.cannon
[2020.11.14-05.49.14:663][  0]LogShaderCompilers: Display: Worker (9/13): shaders left to compile 15
[2020.11.14-05.49.14:663][  0]LogShaderCompilers: Display: Worker (10/13): shaders left to compile 13
[2020.11.14-05.49.14:663][  0]LogShaderCompilers: Display: Worker (11/13): shaders left to compile 11
[2020.11.14-05.49.14:663][  0]LogShaderCompilers: Display: Worker (12/13): shaders left to compile 9
[2020.11.14-05.49.14:663][  0]LogShaderCompilers: Display: Worker (13/13): shaders left to compile 7
[2020.11.14-05.49.14:663][  0]LogStaticMesh: Building static mesh First_Gem...
[2020.11.14-05.49.14:666][  0]LogStaticMesh: Built static mesh [0.00s] /Game/Meshes/First_Gem.First_Gem
[2020.11.14-05.49.14:707][  0]LogStaticMesh: Building static mesh Cannon_Base_witj_Wheels...
[2020.11.14-05.49.15:165][  0]LogStaticMesh: Built static mesh [0.46s] /Game/Meshes/Cannon_Base_witj_Wheels.Cannon_Base_witj_Wheels
[2020.11.14-05.49.15:539][  0]LogShaderCompilers: Display: Worker (8/13): shaders left to compile 5
[2020.11.14-05.49.15:539][  0]LogAIModule: Creating AISystem for world TEST_MAP
[2020.11.14-05.49.15:539][  0]LogAISub: UAISubsystem::UAISubsystem EnvQueryManager (000001EBDBB93E00), frame # 0
[2020.11.14-05.49.15:540][  0]LogAISub: UAISubsystem::UAISubsystem AIPerceptionSystem (000001EBB836AD40), frame # 0
[2020.11.14-05.49.15:652][  0]LogEditorServer: Finished looking for orphan Actors (0.000 secs)
[2020.11.14-05.49.15:680][  0]LogUObjectHash: Compacting FUObjectHashTables data took   3.20ms
[2020.11.14-05.49.15:685][  0]Cmd: MAP CHECKDEP NOCLEARLOG
[2020.11.14-05.49.15:686][  0]MapCheck: Map check complete: 0 Error(s), 0 Warning(s), took 0.453ms to complete.
[2020.11.14-05.49.15:686][  0]LogFileHelpers: Loading map 'TEST_MAP' took 3.027
[2020.11.14-05.49.15:691][  0]LogUnrealEdMisc: Total Editor Startup Time, took 11.480
[2020.11.14-05.49.16:161][  0]LogSlate: Updating window title bar state: overlay mode, drag disabled, window buttons hidden, title bar hidden
[2020.11.14-05.49.16:180][  0]LogSlate: Updating window title bar state: overlay mode, drag disabled, window buttons hidden, title bar hidden
[2020.11.14-05.49.16:197][  0]LogSlate: Updating window title bar state: overlay mode, drag disabled, window buttons hidden, title bar hidden
[2020.11.14-05.49.16:213][  0]LogSlate: Updating window title bar state: overlay mode, drag disabled, window buttons hidden, title bar hidden
[2020.11.14-05.49.16:244][  0]LogCollectionManager: Loaded 0 collections in 0.001492 seconds
[2020.11.14-05.49.16:292][  0]LogFileCache: Scanning file cache for directory 'C:/Users/Duncan/Documents/GitHub/BlastMage/BlastMageProject/Saved/Collections/' took 0.00s
[2020.11.14-05.49.16:293][  0]LogFileCache: Scanning file cache for directory 'C:/Users/Duncan/Documents/GitHub/BlastMage/BlastMageProject/Content/Developers/Duncan/Collections/' took 0.00s
[2020.11.14-05.49.16:293][  0]LogFileCache: Scanning file cache for directory 'C:/Users/Duncan/Documents/GitHub/BlastMage/BlastMageProject/Content/Collections/' took 0.00s
[2020.11.14-05.49.16:293][  0]LogContentBrowser: Native class hierarchy populated in 0.0222 seconds. Added 3427 classes and 821 folders.
[2020.11.14-05.49.16:302][  0]LogContentBrowser: Native class hierarchy updated for 'WidgetCarousel' in 0.0005 seconds. Added 0 classes and 0 folders.
[2020.11.14-05.49.17:515][  0]LogShaderCompilers: Display: Worker (7/13): shaders left to compile 4
[2020.11.14-05.49.17:515][  0]LogShaderCompilers: Display: Worker (8/13): shaders left to compile 3
[2020.11.14-05.49.17:515][  0]LogShaderCompilers: Display: Worker (9/13): shaders left to compile 2
[2020.11.14-05.49.17:515][  0]LogShaderCompilers: Display: Worker (1/13): shaders left to compile 1
[2020.11.14-05.49.17:515][  0]LogContentBrowser: Native class hierarchy updated for 'AddContentDialog' in 0.0004 seconds. Added 0 classes and 0 folders.
[2020.11.14-05.49.17:520][  0]LogContentBrowser: Native class hierarchy updated for 'SceneOutliner' in 0.0004 seconds. Added 2 classes and 0 folders.
[2020.11.14-05.49.17:606][  0]LogSlate: Took 0.000230 seconds to synchronously load lazily loaded font '../../../Engine/Content/Slate/Fonts/Roboto-Regular.ttf' (155K)
[2020.11.14-05.49.17:609][  0]LogSlate: Took 0.000186 seconds to synchronously load lazily loaded font '../../../Engine/Content/Slate/Fonts/Roboto-Bold.ttf' (160K)
[2020.11.14-05.49.17:624][  0]LogSlate: Took 0.008333 seconds to synchronously load lazily loaded font '../../../Engine/Content/Editor/Slate/Fonts/FontAwesome.ttf' (139K)
[2020.11.14-05.49.17:792][  0]LogRenderer: Reallocating scene render targets to support 1288x692 Format 10 NumSamples 1 (Frame:1).
[2020.11.14-05.49.18:025][  0]LogContentBrowser: Native class hierarchy updated for 'HierarchicalLODOutliner' in 0.0004 seconds. Added 0 classes and 0 folders.
[2020.11.14-05.49.18:025][  0]LogLoad: (Engine Initialization) Total time: 13.81 seconds
[2020.11.14-05.49.18:025][  0]LogLoad: (Engine Initialization) Total Blueprint compile time: 0.00 seconds
[2020.11.14-05.49.18:079][  0]LogAssetRegistry: Asset discovery search completed in 9.3266 seconds
[2020.11.14-05.49.18:082][  0]LogCollectionManager: Fixed up redirectors for 0 collections in 0.000002 seconds (updated 0 objects)
[2020.11.14-05.49.18:086][  0]LogContentStreaming: Texture pool size now 1000 MB
[2020.11.14-05.49.19:122][ 27]LogSlate: Took 0.008814 seconds to synchronously load lazily loaded font '../../../Engine/Content/Slate/Fonts/Roboto-Light.ttf' (167K)
[2020.11.14-05.49.23:239][221]LogFileCache: Retrieving MD5 hashes for directory 'C:/Users/Duncan/Documents/GitHub/BlastMage/BlastMageProject/Content/' took 5.20s
[2020.11.14-05.49.43:444][953]LogLinker: Warning: While loading 'C:/Users/Duncan/Documents/GitHub/BlastMage/BlastMageProject/Content/Meshes/pupletowerP2.uasset' failed to load '/Game/Meshes/lambert9SG': Can't find file.
[2020.11.14-05.49.43:444][953]LogLinker: Warning: While loading 'C:/Users/Duncan/Documents/GitHub/BlastMage/BlastMageProject/Content/Meshes/pupletowerP2.uasset' failed to load '/Game/Meshes/lambert9SG': Can't find file.
[2020.11.14-05.49.43:444][953]LogLinker: Warning: While loading 'C:/Users/Duncan/Documents/GitHub/BlastMage/BlastMageProject/Content/Meshes/pupletowerP2.uasset' failed to load '/Game/Meshes/lambert9SG': Can't find file.
[2020.11.14-05.49.43:444][953]LogLinker: Warning: While loading 'C:/Users/Duncan/Documents/GitHub/BlastMage/BlastMageProject/Content/Meshes/pupletowerP2.uasset' failed to load '/Game/Meshes/lambert9SG': Can't find file.
[2020.11.14-05.49.43:507][953]LogLinker: Warning: While loading 'C:/Users/Duncan/Documents/GitHub/BlastMage/BlastMageProject/Content/Meshes/pupletowerP2.uasset' failed to load '/Game/Meshes/lambert9SG': Can't find file.
[2020.11.14-05.49.43:507][953]LoadErrors: Failed to load /Game/Meshes/lambert9SG.lambert9SG Referenced by pupletowerP2
[2020.11.14-05.49.43:507][953]LogLinker: Warning: While loading 'C:/Users/Duncan/Documents/GitHub/BlastMage/BlastMageProject/Content/Meshes/pupletowerP2.uasset' failed to load '/Game/Meshes/lambert9SG': Can't find file.
[2020.11.14-05.49.43:508][953]LogLinker: Warning: While loading 'C:/Users/Duncan/Documents/GitHub/BlastMage/BlastMageProject/Content/Meshes/pupletowerP2.uasset' failed to load '/Game/Meshes/lambert9SG': Can't find file.
[2020.11.14-05.49.43:508][953]LogLinker: Warning: While loading 'C:/Users/Duncan/Documents/GitHub/BlastMage/BlastMageProject/Content/Meshes/pupletowerP2.uasset' failed to load '/Game/Meshes/lambert9SG': Can't find file.
[2020.11.14-05.49.43:670][953]LogAssetEditorSubsystem: Opening Asset editor for World /Game/ThirdPersonBP/Maps/Level1.Level1
[2020.11.14-05.49.43:693][953]LogUObjectHash: Compacting FUObjectHashTables data took   0.91ms
[2020.11.14-05.49.43:695][953]Cmd: MAP LOAD FILE="C:/Users/Duncan/Documents/GitHub/BlastMage/BlastMageProject/Content/ThirdPersonBP/Maps/Level1.umap" TEMPLATE=0 SHOWPROGRESS=1 FEATURELEVEL=3
[2020.11.14-05.49.43:695][953]LightingResults: New page: Lighting Build
[2020.11.14-05.49.43:695][953]LoadErrors: New page: Loading map: Level1.umap
[2020.11.14-05.49.43:699][953]LogWorld: UWorld::CleanupWorld for TEST_MAP, bSessionEnded=true, bCleanupResources=true
[2020.11.14-05.49.43:699][953]LogSlate: InvalidateAllWidgets triggered.  All widgets were invalidated
[2020.11.14-05.49.43:700][953]MapCheck: New page: Map Check
[2020.11.14-05.49.43:700][953]LightingResults: New page: Lighting Build
[2020.11.14-05.49.43:715][953]LogAISub: UAISubsystem::~UAISubsystem EnvQueryManager (000001EBDBB93E00), frame # 953
[2020.11.14-05.49.43:715][953]LogAISub: UAISubsystem::~UAISubsystem AIPerceptionSystem (000001EBB836AD40), frame # 953
[2020.11.14-05.49.43:717][953]LogUObjectHash: Compacting FUObjectHashTables data took   0.98ms
[2020.11.14-05.49.43:771][953]LogEditorServer: Finished looking for orphan Actors (0.000 secs)
[2020.11.14-05.49.43:771][953]LogAIModule: Creating AISystem for world Level1
[2020.11.14-05.49.43:772][953]LogAISub: UAISubsystem::UAISubsystem EnvQueryManager (000001EBDB957200), frame # 953
[2020.11.14-05.49.43:772][953]LogAISub: UAISubsystem::UAISubsystem AIPerceptionSystem (000001EBD355A200), frame # 953
[2020.11.14-05.49.43:790][953]LogUObjectHash: Compacting FUObjectHashTables data took   0.73ms
[2020.11.14-05.49.43:828][953]Cmd: MAP CHECKDEP NOCLEARLOG
[2020.11.14-05.49.43:828][953]MapCheck: Map check complete: 0 Error(s), 0 Warning(s), took 0.175ms to complete.
[2020.11.14-05.49.43:828][953]LogFileHelpers: Loading map 'Level1' took 0.133
[2020.11.14-05.49.46:017][997]LogTemp: Repeating last play command: Selected Viewport
[2020.11.14-05.49.46:038][997]LogPlayLevel: PlayLevel: No blueprints needed recompiling
[2020.11.14-05.49.46:038][997]PIE: New page: PIE session: Level1 (Nov 13, 2020, 3:49:46 PM)
[2020.11.14-05.49.46:040][997]LogOnline: OSS: Creating online subsystem instance for: NULL
[2020.11.14-05.49.46:041][997]LogOnline: OSS: TryLoadSubsystemAndSetDefault: Loaded subsystem for module [NULL]
[2020.11.14-05.49.46:041][997]LogPlayLevel: Creating play world package: /Game/ThirdPersonBP/Maps/UEDPIE_0_Level1
[2020.11.14-05.49.46:074][997]LogPlayLevel: PIE: StaticDuplicateObject took: (0.032812s)
[2020.11.14-05.49.46:075][997]LogAIModule: Creating AISystem for world Level1
[2020.11.14-05.49.46:075][997]LogAISub: UAISubsystem::UAISubsystem EnvQueryManager (000001EBEA821600), frame # 997
[2020.11.14-05.49.46:075][997]LogAISub: UAISubsystem::UAISubsystem AIPerceptionSystem (000001EBDBA479C0), frame # 997
[2020.11.14-05.49.46:076][997]LogPlayLevel: PIE: World Init took: (0.001436s)
[2020.11.14-05.49.46:076][997]LogPlayLevel: PIE: Created PIE world by copying editor world from /Game/ThirdPersonBP/Maps/Level1.Level1 to /Game/ThirdPersonBP/Maps/UEDPIE_0_Level1.Level1 (0.034460s)
[2020.11.14-05.49.46:091][997]LogUObjectHash: Compacting FUObjectHashTables data took   0.72ms
[2020.11.14-05.49.46:093][997]LogAudioMixer: Display: Audio Mixer Platform Settings:
[2020.11.14-05.49.46:093][997]LogAudioMixer: Display: 	Sample Rate:						  48000
[2020.11.14-05.49.46:093][997]LogAudioMixer: Display: 	Callback Buffer Frame Size Requested: 1024
[2020.11.14-05.49.46:093][997]LogAudioMixer: Display: 	Callback Buffer Frame Size To Use:	  1024
[2020.11.14-05.49.46:093][997]LogAudioMixer: Display: 	Number of buffers to queue:			  2
[2020.11.14-05.49.46:093][997]LogAudioMixer: Display: 	Max Channels (voices):				  32
[2020.11.14-05.49.46:093][997]LogAudioMixer: Display: 	Number of Async Source Workers:		  0
[2020.11.14-05.49.46:093][997]LogAudio: Display: AudioDevice MaxSources: 32
[2020.11.14-05.49.46:093][997]LogAudio: Display: Using built-in audio occlusion.
[2020.11.14-05.49.46:093][997]LogAudioMixer: Display: Initializing audio mixer.
[2020.11.14-05.49.46:099][997]LogAudioMixer: Display: 0: FrontLeft
[2020.11.14-05.49.46:099][997]LogAudioMixer: Display: 1: FrontRight
[2020.11.14-05.49.46:124][997]LogAudioMixer: Display: Using Audio Device Speakers (Razer Kraken TE - Game)
[2020.11.14-05.49.46:124][997]LogAudioMixer: Display: Initializing Sound Submixes...
[2020.11.14-05.49.46:124][997]LogAudioMixer: Display: Creating Master Submix 'MasterSubmixDefault'
[2020.11.14-05.49.46:124][997]LogAudioMixer: Display: Creating Master Submix 'MasterReverbSubmixDefault'
[2020.11.14-05.49.46:125][997]LogAudioMixer: Display: Creating Master Submix 'MasterEQSubmixDefault'
[2020.11.14-05.49.46:137][997]LogInit: FAudioDevice initialized.
[2020.11.14-05.49.46:147][997]LogLoad: Game class is 'MAIN_GM_C'
[2020.11.14-05.49.46:156][997]LogWorld: Bringing World /Game/ThirdPersonBP/Maps/UEDPIE_0_Level1.Level1 up for play (max tick rate 0) at 2020.11.13-22.49.46
[2020.11.14-05.49.46:157][997]LogWorld: Bringing up level for play took: 0.008374
[2020.11.14-05.49.46:157][997]LogOnline: OSS: Creating online subsystem instance for: :Context_3
[2020.11.14-05.49.46:161][997]LogContentBrowser: Native class hierarchy updated for 'MovieSceneCapture' in 0.0004 seconds. Added 20 classes and 0 folders.
[2020.11.14-05.49.46:163][997]PIE: Server logged in
[2020.11.14-05.49.46:165][997]PIE: Play in editor total start time 0.13 seconds.
[2020.11.14-05.49.57:839][255]LogSlate: Updating window title bar state: overlay mode, drag disabled, window buttons hidden, title bar hidden
[2020.11.14-05.49.57:839][255]LogWorld: BeginTearingDown for /Game/ThirdPersonBP/Maps/UEDPIE_0_Level1
[2020.11.14-05.49.57:839][255]LogWorld: UWorld::CleanupWorld for Level1, bSessionEnded=true, bCleanupResources=true
[2020.11.14-05.49.57:841][255]LogSlate: InvalidateAllWidgets triggered.  All widgets were invalidated
[2020.11.14-05.49.57:847][255]LogPlayLevel: Display: Shutting down PIE online subsystems
[2020.11.14-05.49.57:850][255]LogSlate: InvalidateAllWidgets triggered.  All widgets were invalidated
[2020.11.14-05.49.57:883][255]LogSlate: Updating window title bar state: overlay mode, drag disabled, window buttons hidden, title bar hidden
[2020.11.14-05.49.57:888][255]LogAISub: UAISubsystem::~UAISubsystem AIPerceptionSystem (000001EBDBA479C0), frame # 1255
[2020.11.14-05.49.57:888][255]LogAISub: UAISubsystem::~UAISubsystem EnvQueryManager (000001EBEA821600), frame # 1255
[2020.11.14-05.49.57:889][255]LogUObjectHash: Compacting FUObjectHashTables data took   0.78ms
[2020.11.14-05.49.57:920][256]LogPlayLevel: Display: Destroying online subsystem :Context_3
[2020.11.14-05.49.59:191][285]LogEditorViewport: Clicking on Actor (LMB): Cannon_Slide_FireStraight_C (Cannon_Slide_FireStraight3)
[2020.11.14-05.50.04:819][411]LogEditorViewport: Clicking on Actor (LMB): Cannon_Slide_FireStraight_C (Cannon_Slide_FireStraight)
[2020.11.14-05.50.05:991][436]LogEditorViewport: Clicking on Actor (LMB): Cannon_Slide_FireStraight_C (Cannon_Slide_FireStraight3)
[2020.11.14-05.50.10:787][541]LogUObjectHash: Compacting FUObjectHashTables data took   0.63ms
[2020.11.14-05.50.10:938][541]LogSavePackage: Moving 'C:/Users/Duncan/Documents/GitHub/BlastMage/BlastMageProject/Saved/Level19B5AA5B24CA24528E9A798893B587A39.tmp' to 'C:/Users/Duncan/Documents/GitHub/BlastMage/BlastMageProject/Content/ThirdPersonBP/Maps/Level1.umap'
[2020.11.14-05.50.11:128][541]Cmd: OBJ SAVEPACKAGE PACKAGE="/Game/ThirdPersonBP/Maps/Level1_BuiltData" FILE="C:/Users/Duncan/Documents/GitHub/BlastMage/BlastMageProject/Content/ThirdPersonBP/Maps/Level1_BuiltData.uasset" SILENT=true
[2020.11.14-05.50.11:244][541]LogSavePackage: Moving 'C:/Users/Duncan/Documents/GitHub/BlastMage/BlastMageProject/Saved/Level1_BuiltData93ED0AFA48997AE2D7AA849F8E6FC825.tmp' to 'C:/Users/Duncan/Documents/GitHub/BlastMage/BlastMageProject/Content/ThirdPersonBP/Maps/Level1_BuiltData.uasset'
[2020.11.14-05.50.11:260][541]AssetCheck: New page: Asset Save: multiple assets
[2020.11.14-05.50.11:260][541]LogContentValidation: Display: Validating World /Game/ThirdPersonBP/Maps/Level1.Level1
[2020.11.14-05.50.11:260][541]LogContentValidation: Display: Validating MapBuildDataRegistry /Game/ThirdPersonBP/Maps/Level1_BuiltData.Level1_BuiltData
[2020.11.14-05.50.11:862][556]LogTemp: Repeating last play command: Selected Viewport
[2020.11.14-05.50.11:880][556]LogPlayLevel: PlayLevel: No blueprints needed recompiling
[2020.11.14-05.50.11:881][556]PIE: New page: PIE session: Level1 (Nov 13, 2020, 3:50:11 PM)
[2020.11.14-05.50.11:881][556]LogPlayLevel: Creating play world package: /Game/ThirdPersonBP/Maps/UEDPIE_0_Level1
[2020.11.14-05.50.11:907][556]LogPlayLevel: PIE: StaticDuplicateObject took: (0.026602s)
[2020.11.14-05.50.11:908][556]LogAIModule: Creating AISystem for world Level1
[2020.11.14-05.50.11:908][556]LogAISub: UAISubsystem::UAISubsystem EnvQueryManager (000001EBDB95C200), frame # 1556
[2020.11.14-05.50.11:908][556]LogAISub: UAISubsystem::UAISubsystem AIPerceptionSystem (000001EBB8501800), frame # 1556
[2020.11.14-05.50.11:909][556]LogPlayLevel: PIE: World Init took: (0.001156s)
[2020.11.14-05.50.11:909][556]LogPlayLevel: PIE: Created PIE world by copying editor world from /Game/ThirdPersonBP/Maps/Level1.Level1 to /Game/ThirdPersonBP/Maps/UEDPIE_0_Level1.Level1 (0.027930s)
[2020.11.14-05.50.11:923][556]LogUObjectHash: Compacting FUObjectHashTables data took   0.82ms
[2020.11.14-05.50.11:925][556]LogAudioMixer: Display: Audio Mixer Platform Settings:
[2020.11.14-05.50.11:925][556]LogAudioMixer: Display: 	Sample Rate:						  48000
[2020.11.14-05.50.11:925][556]LogAudioMixer: Display: 	Callback Buffer Frame Size Requested: 1024
[2020.11.14-05.50.11:925][556]LogAudioMixer: Display: 	Callback Buffer Frame Size To Use:	  1024
[2020.11.14-05.50.11:925][556]LogAudioMixer: Display: 	Number of buffers to queue:			  2
[2020.11.14-05.50.11:925][556]LogAudioMixer: Display: 	Max Channels (voices):				  32
[2020.11.14-05.50.11:925][556]LogAudioMixer: Display: 	Number of Async Source Workers:		  0
[2020.11.14-05.50.11:925][556]LogAudio: Display: AudioDevice MaxSources: 32
[2020.11.14-05.50.11:925][556]LogAudio: Display: Using built-in audio occlusion.
[2020.11.14-05.50.11:925][556]LogAudioMixer: Display: Initializing audio mixer.
[2020.11.14-05.50.11:930][556]LogAudioMixer: Display: 0: FrontLeft
[2020.11.14-05.50.11:930][556]LogAudioMixer: Display: 1: FrontRight
[2020.11.14-05.50.11:953][556]LogAudioMixer: Display: Using Audio Device Speakers (Razer Kraken TE - Game)
[2020.11.14-05.50.11:953][556]LogAudioMixer: Display: Initializing Sound Submixes...
[2020.11.14-05.50.11:953][556]LogAudioMixer: Display: Creating Master Submix 'MasterSubmixDefault'
[2020.11.14-05.50.11:953][556]LogAudioMixer: Display: Creating Master Submix 'MasterReverbSubmixDefault'
[2020.11.14-05.50.11:953][556]LogAudioMixer: Display: Creating Master Submix 'MasterEQSubmixDefault'
[2020.11.14-05.50.11:966][556]LogInit: FAudioDevice initialized.
[2020.11.14-05.50.11:974][556]LogLoad: Game class is 'MAIN_GM_C'
[2020.11.14-05.50.11:983][556]LogWorld: Bringing World /Game/ThirdPersonBP/Maps/UEDPIE_0_Level1.Level1 up for play (max tick rate 0) at 2020.11.13-22.50.11
[2020.11.14-05.50.11:983][556]LogWorld: Bringing up level for play took: 0.008586
[2020.11.14-05.50.11:983][556]LogOnline: OSS: Creating online subsystem instance for: :Context_4
[2020.11.14-05.50.11:986][556]PIE: Server logged in
[2020.11.14-05.50.11:987][556]PIE: Play in editor total start time 0.107 seconds.
[2020.11.14-05.50.30:573][ 18]LogSlate: Updating window title bar state: overlay mode, drag disabled, window buttons hidden, title bar hidden
[2020.11.14-05.50.30:573][ 18]LogWorld: BeginTearingDown for /Game/ThirdPersonBP/Maps/UEDPIE_0_Level1
[2020.11.14-05.50.30:574][ 18]LogWorld: UWorld::CleanupWorld for Level1, bSessionEnded=true, bCleanupResources=true
[2020.11.14-05.50.30:575][ 18]LogSlate: InvalidateAllWidgets triggered.  All widgets were invalidated
[2020.11.14-05.50.30:584][ 18]LogPlayLevel: Display: Shutting down PIE online subsystems
[2020.11.14-05.50.30:586][ 18]LogSlate: InvalidateAllWidgets triggered.  All widgets were invalidated
[2020.11.14-05.50.30:599][ 18]LogSlate: Updating window title bar state: overlay mode, drag disabled, window buttons hidden, title bar hidden
[2020.11.14-05.50.30:618][ 18]LogAISub: UAISubsystem::~UAISubsystem AIPerceptionSystem (000001EBB8501800), frame # 2018
[2020.11.14-05.50.30:618][ 18]LogAISub: UAISubsystem::~UAISubsystem EnvQueryManager (000001EBDB95C200), frame # 2018
[2020.11.14-05.50.30:619][ 18]LogUObjectHash: Compacting FUObjectHashTables data took   0.79ms
[2020.11.14-05.50.30:650][ 19]LogPlayLevel: Display: Destroying online subsystem :Context_4
[2020.11.14-05.50.49:509][454]LogAssetEditorSubsystem: Opening Asset editor for Blueprint /Game/Blueprints/Items/Item_Base.Item_Base
[2020.11.14-05.50.50:171][454]LogContentBrowser: Native class hierarchy updated for 'BlueprintGraph' in 0.0006 seconds. Added 125 classes and 0 folders.
[2020.11.14-05.50.51:322][454]LogSlate: Took 0.000217 seconds to synchronously load lazily loaded font '../../../Engine/Content/Slate/Fonts/Roboto-BoldCondensed.ttf' (158K)
[2020.11.14-05.50.55:631][604]LogSlate: Window 'Item_Base' being destroyed
[2020.11.14-05.57.56:284][556]LogSlate: Took 0.007265 seconds to synchronously load lazily loaded font '../../../Engine/Content/Slate/Fonts/Roboto-Italic.ttf' (157K)
[2020.11.14-06.00.33:210][564]LogUObjectHash: Compacting FUObjectHashTables data took   2.52ms
[2020.11.14-06.00.33:213][564]LogFileHelpers: Editor autosave (incl. sublevels) for '/Game/ThirdPersonBP/Maps/Level1' took 0.030
[2020.11.14-06.00.33:213][564]OBJ SavePackage: Generating thumbnails for [0] asset(s) in package [/Game/Blueprints/Items/Item_Base] ([1] browsable assets)...
[2020.11.14-06.00.33:213][564]OBJ SavePackage: Finished generating thumbnails for package [/Game/Blueprints/Items/Item_Base]
[2020.11.14-06.00.33:243][564]LogSavePackage: Moving 'C:/Users/Duncan/Documents/GitHub/BlastMage/BlastMageProject/Saved/Item_Base_Auto1531C515747CC0E77322236AA975B4630.tmp' to 'C:/Users/Duncan/Documents/GitHub/BlastMage/BlastMageProject/Saved/Autosaves/Game/Blueprints/Items/Item_Base_Auto1.uasset'
[2020.11.14-06.00.33:244][564]LogFileHelpers: Auto-saving content packages took 0.032
[2020.11.14-06.01.16:109][376]LogSlate: Took 0.007311 seconds to synchronously load lazily loaded font '../../../Engine/Content/Slate/Fonts/Roboto-BoldCondensedItalic.ttf' (160K)
[2020.11.14-06.01.41:569][ 16]BlueprintLog: New page: Compile Item_Base
[2020.11.14-06.01.41:612][ 16]LogUObjectHash: Compacting FUObjectHashTables data took   2.37ms
[2020.11.14-06.01.41:662][ 16]LogSlate: Took 0.008067 seconds to synchronously load lazily loaded font '../../../Engine/Content/Slate/Fonts/DroidSansMono.ttf' (77K)
[2020.11.14-06.01.42:967][125]Cmd: OBJ SAVEPACKAGE PACKAGE="/Game/Blueprints/Items/Item_Base" FILE="C:/Users/Duncan/Documents/GitHub/BlastMage/BlastMageProject/Content/Blueprints/Items/Item_Base.uasset" SILENT=true
[2020.11.14-06.01.42:989][125]LogSavePackage: Moving 'C:/Users/Duncan/Documents/GitHub/BlastMage/BlastMageProject/Saved/Item_Base81DA74B643CD4BCB9DEAFA9A220915AA.tmp' to 'C:/Users/Duncan/Documents/GitHub/BlastMage/BlastMageProject/Content/Blueprints/Items/Item_Base.uasset'
[2020.11.14-06.01.43:021][125]AssetCheck: New page: Asset Save: Item_Base
[2020.11.14-06.01.43:021][125]LogContentValidation: Display: Validating Blueprint /Game/Blueprints/Items/Item_Base.Item_Base
[2020.11.14-06.02.12:241][ 46]Cmd: OBJ SAVEPACKAGE PACKAGE="/Game/Blueprints/Items/Item_Base" FILE="C:/Users/Duncan/Documents/GitHub/BlastMage/BlastMageProject/Content/Blueprints/Items/Item_Base.uasset" SILENT=true
[2020.11.14-06.02.12:266][ 46]LogSavePackage: Moving 'C:/Users/Duncan/Documents/GitHub/BlastMage/BlastMageProject/Saved/Item_Base3BBB4C3E44068A11CF133894B16160F7.tmp' to 'C:/Users/Duncan/Documents/GitHub/BlastMage/BlastMageProject/Content/Blueprints/Items/Item_Base.uasset'
[2020.11.14-06.02.12:367][ 46]AssetCheck: New page: Asset Save: Item_Base
[2020.11.14-06.02.12:367][ 46]LogContentValidation: Display: Validating Blueprint /Game/Blueprints/Items/Item_Base.Item_Base
[2020.11.14-06.02.19:247][738]Cmd: OBJ SAVEPACKAGE PACKAGE="/Game/Blueprints/Items/Item_Base" FILE="C:/Users/Duncan/Documents/GitHub/BlastMage/BlastMageProject/Content/Blueprints/Items/Item_Base.uasset" SILENT=true
[2020.11.14-06.02.19:269][738]LogSavePackage: Moving 'C:/Users/Duncan/Documents/GitHub/BlastMage/BlastMageProject/Saved/Item_Base6A1BAEFE4CBBECC8691F85BECDE788A0.tmp' to 'C:/Users/Duncan/Documents/GitHub/BlastMage/BlastMageProject/Content/Blueprints/Items/Item_Base.uasset'
[2020.11.14-06.02.19:301][738]AssetCheck: New page: Asset Save: Item_Base
[2020.11.14-06.02.19:301][738]LogContentValidation: Display: Validating Blueprint /Game/Blueprints/Items/Item_Base.Item_Base
[2020.11.14-06.10.33:352][723]LogUObjectHash: Compacting FUObjectHashTables data took   2.62ms
[2020.11.14-06.10.33:355][723]LogFileHelpers: Editor autosave (incl. sublevels) for '/Game/ThirdPersonBP/Maps/Level1' took 0.027
[2020.11.14-06.10.33:355][723]OBJ SavePackage: Generating thumbnails for [0] asset(s) in package [/Game/Blueprints/Items/Item_Base] ([1] browsable assets)...
[2020.11.14-06.10.33:355][723]OBJ SavePackage: Finished generating thumbnails for package [/Game/Blueprints/Items/Item_Base]
[2020.11.14-06.10.33:387][723]LogSavePackage: Moving 'C:/Users/Duncan/Documents/GitHub/BlastMage/BlastMageProject/Saved/Item_Base_Auto25C0AC21D4EDAD933057FB2B34010D44A.tmp' to 'C:/Users/Duncan/Documents/GitHub/BlastMage/BlastMageProject/Saved/Autosaves/Game/Blueprints/Items/Item_Base_Auto2.uasset'
[2020.11.14-06.10.33:388][723]LogFileHelpers: Auto-saving content packages took 0.033
